"../../../Engine/Content/EditorResources/S_Actor.ubulk" 0
"../../../Engine/Content/EditorResources/S_Actor.uasset" 1
"../../../Engine/Content/EditorResources/S_Actor.uexp" 2
"../../../Engine/Content/EditorResources/S_BoxReflectionCapture.uasset" 3
"../../../Engine/Content/EditorResources/S_BoxReflectionCapture.uexp" 4
"../../../Engine/Content/EngineResources/DefaultTexture.ubulk" 5
"../../../Engine/Content/EngineResources/DefaultTexture.uasset" 6
"../../../Engine/Content/EngineResources/DefaultTexture.uexp" 7
"../../../Engine/Content/EngineResources/DefaultTextureCube.uasset" 8
"../../../Engine/Content/EngineResources/DefaultTextureCube.uexp" 9
"../../../Engine/Content/EngineResources/DefaultVolumeTexture2D.uasset" 10
"../../../Engine/Content/EngineResources/DefaultVolumeTexture2D.uexp" 11
"../../../Engine/Content/EngineResources/DefaultVolumeTexture.uasset" 12
"../../../Engine/Content/EngineResources/DefaultVolumeTexture.uexp" 13
"../../../Engine/Content/EditorResources/S_Trigger.ubulk" 14
"../../../Engine/Content/EditorResources/S_Trigger.uasset" 15
"../../../Engine/Content/EditorResources/S_Trigger.uexp" 16
"../../../Engine/Content/EditorResources/S_TriggerBox.uasset" 17
"../../../Engine/Content/EditorResources/S_TriggerBox.uexp" 18
"../../../Engine/Content/EditorResources/S_TriggerCapsule.uasset" 19
"../../../Engine/Content/EditorResources/S_TriggerCapsule.uexp" 20
"../../../Engine/Content/EditorResources/S_TriggerSphere.uasset" 21
"../../../Engine/Content/EditorResources/S_TriggerSphere.uexp" 22
"../../../Engine/Content/EngineMeshes/Sphere.ubulk" 23
"../../../Engine/Content/EngineMeshes/Sphere.uasset" 24
"../../../Engine/Content/EngineMeshes/Sphere.uexp" 25
"../../../Engine/Content/EngineResources/GradientTexture0.uasset" 26
"../../../Engine/Content/EngineResources/GradientTexture0.uexp" 27
"../../../Engine/Content/EngineResources/Black.uasset" 28
"../../../Engine/Content/EngineResources/Black.uexp" 29
"../../../Engine/Content/VREditor/LaserPointer/VR_LaserPower_01.ubulk" 30
"../../../Engine/Content/VREditor/LaserPointer/VR_LaserPower_01.uasset" 31
"../../../Engine/Content/VREditor/LaserPointer/VR_LaserPower_01.uexp" 32
"../../../Engine/Content/VREditor/TransformGizmo/TransformGizmoMaterial.uasset" 33
"../../../Engine/Content/VREditor/TransformGizmo/TransformGizmoMaterial.uexp" 34
"../../../Engine/Content/VREditor/TransformGizmo/TranslucentTransformGizmoMaterial.uasset" 35
"../../../Engine/Content/VREditor/TransformGizmo/TranslucentTransformGizmoMaterial.uexp" 36
"../../../Engine/Content/VREditor/TransformGizmo/BoundingBoxCorner.ubulk" 37
"../../../Engine/Content/VREditor/TransformGizmo/BoundingBoxCorner.uasset" 38
"../../../Engine/Content/VREditor/TransformGizmo/BoundingBoxCorner.uexp" 39
"../../../Engine/Content/VREditor/TransformGizmo/BoundingBoxEdge.ubulk" 40
"../../../Engine/Content/VREditor/TransformGizmo/BoundingBoxEdge.uasset" 41
"../../../Engine/Content/VREditor/TransformGizmo/BoundingBoxEdge.uexp" 42
"../../../Engine/Content/VREditor/TransformGizmo/Main.uasset" 43
"../../../Engine/Content/VREditor/TransformGizmo/Main.uexp" 44
"../../../Engine/Content/VREditor/TransformGizmo/Xray.uasset" 45
"../../../Engine/Content/VREditor/TransformGizmo/Xray.uexp" 46
"../../../Engine/Content/VREditor/TransformGizmo/SM_Sequencer_Node.ubulk" 47
"../../../Engine/Content/VREditor/TransformGizmo/SM_Sequencer_Node.uasset" 48
"../../../Engine/Content/VREditor/TransformGizmo/SM_Sequencer_Node.uexp" 49
"../../../Engine/Content/EditorResources/S_Solver.ubulk" 50
"../../../Engine/Content/EditorResources/S_Solver.uasset" 51
"../../../Engine/Content/EditorResources/S_Solver.uexp" 52
"../../../Engine/Content/EditorMaterials/Camera/CineMat.uasset" 53
"../../../Engine/Content/EditorMaterials/Camera/CineMat.uexp" 54
"../../../Engine/Content/EditorMaterials/Camera/MI_CineMat_Rig.uasset" 55
"../../../Engine/Content/EditorMaterials/Camera/MI_CineMat_Rig.uexp" 56
"../../../Engine/Content/EditorMeshes/Camera/SM_CraneRig_Base.ubulk" 57
"../../../Engine/Content/EditorMeshes/Camera/SM_CraneRig_Base.uasset" 58
"../../../Engine/Content/EditorMeshes/Camera/SM_CraneRig_Base.uexp" 59
"../../../Engine/Content/EditorMeshes/Camera/SM_CraneRig_Arm.ubulk" 60
"../../../Engine/Content/EditorMeshes/Camera/SM_CraneRig_Arm.uasset" 61
"../../../Engine/Content/EditorMeshes/Camera/SM_CraneRig_Arm.uexp" 62
"../../../Engine/Content/EditorMeshes/Camera/SM_CraneRig_Mount.ubulk" 63
"../../../Engine/Content/EditorMeshes/Camera/SM_CraneRig_Mount.uasset" 64
"../../../Engine/Content/EditorMeshes/Camera/SM_CraneRig_Mount.uexp" 65
"../../../Engine/Content/EditorMeshes/Camera/SM_CraneRig_Body.ubulk" 66
"../../../Engine/Content/EditorMeshes/Camera/SM_CraneRig_Body.uasset" 67
"../../../Engine/Content/EditorMeshes/Camera/SM_CraneRig_Body.uexp" 68
"../../../Engine/Content/EditorMeshes/Camera/SM_RailRig_Track.ubulk" 69
"../../../Engine/Content/EditorMeshes/Camera/SM_RailRig_Track.uasset" 70
"../../../Engine/Content/EditorMeshes/Camera/SM_RailRig_Track.uexp" 71
"../../../Engine/Content/EditorMeshes/Camera/SM_RailRig_Mount.ubulk" 72
"../../../Engine/Content/EditorMeshes/Camera/SM_RailRig_Mount.uasset" 73
"../../../Engine/Content/EditorMeshes/Camera/SM_RailRig_Mount.uexp" 74
"../../../Engine/Content/EngineMaterials/T_Default_Material_Grid_M.ubulk" 75
"../../../Engine/Content/EngineMaterials/T_Default_Material_Grid_M.uasset" 76
"../../../Engine/Content/EngineMaterials/T_Default_Material_Grid_M.uexp" 77
"../../../Engine/Content/EngineMaterials/T_Default_Material_Grid_N.ubulk" 78
"../../../Engine/Content/EngineMaterials/T_Default_Material_Grid_N.uasset" 79
"../../../Engine/Content/EngineMaterials/T_Default_Material_Grid_N.uexp" 80
"../../../Engine/Content/Functions/Engine_MaterialFunctions01/Opacity/CameraDepthFade.uasset" 81
"../../../Engine/Content/Functions/Engine_MaterialFunctions01/Opacity/CameraDepthFade.uexp" 82
"../../../Engine/Content/EngineMaterials/WorldGridMaterial.uasset" 83
"../../../Engine/Content/EngineMaterials/WorldGridMaterial.uexp" 84
"../../../Engine/Content/ArtTools/RenderToTexture/Meshes/S_1_Unit_Plane.ubulk" 85
"../../../Engine/Content/ArtTools/RenderToTexture/Meshes/S_1_Unit_Plane.uasset" 86
"../../../Engine/Content/ArtTools/RenderToTexture/Meshes/S_1_Unit_Plane.uexp" 87
"../../../Engine/Content/EditorMaterials/ParticleSystems/PSysThumbnail_NoImage.ubulk" 88
"../../../Engine/Content/EditorMaterials/ParticleSystems/PSysThumbnail_NoImage.uasset" 89
"../../../Engine/Content/EditorMaterials/ParticleSystems/PSysThumbnail_NoImage.uexp" 90
"../../../Engine/Content/EditorMaterials/ParticleSystems/PSysThumbnail_OOD.ubulk" 91
"../../../Engine/Content/EditorMaterials/ParticleSystems/PSysThumbnail_OOD.uasset" 92
"../../../Engine/Content/EditorMaterials/ParticleSystems/PSysThumbnail_OOD.uexp" 93
"../../../Engine/Content/EditorLandscapeResources/SplineEditorMeshMat.uasset" 94
"../../../Engine/Content/EditorLandscapeResources/SplineEditorMeshMat.uexp" 95
"../../../Engine/Content/EditorLandscapeResources/SplineEditorMesh.ubulk" 96
"../../../Engine/Content/EditorLandscapeResources/SplineEditorMesh.uasset" 97
"../../../Engine/Content/EditorLandscapeResources/SplineEditorMesh.uexp" 98
"../../../Engine/Plugins/Media/MediaPlate/Content/SM_MediaPlateScreen.ubulk" 99
"../../../Engine/Plugins/Media/MediaPlate/Content/SM_MediaPlateScreen.uasset" 100
"../../../Engine/Plugins/Media/MediaPlate/Content/SM_MediaPlateScreen.uexp" 101
"../../../Engine/Content/EngineMaterials/DefaultBokeh.uasset" 102
"../../../Engine/Content/EngineMaterials/DefaultBokeh.uexp" 103
"../../../Engine/Content/EngineMaterials/MiniFont.uasset" 104
"../../../Engine/Content/EngineMaterials/MiniFont.uexp" 105
"../../../Engine/Content/EngineMaterials/WeightMapPlaceholderTexture.uasset" 106
"../../../Engine/Content/EngineMaterials/WeightMapPlaceholderTexture.uexp" 107
"../../../Engine/Content/EngineMaterials/WeightMapArrayPlaceholderTexture.uasset" 108
"../../../Engine/Content/EngineMaterials/WeightMapArrayPlaceholderTexture.uexp" 109
"../../../Engine/Content/EngineMaterials/DefaultWhiteGrid.ubulk" 110
"../../../Engine/Content/EngineMaterials/DefaultWhiteGrid.uasset" 111
"../../../Engine/Content/EngineMaterials/DefaultWhiteGrid.uexp" 112
"../../../Engine/Content/EngineMaterials/PreintegratedSkinBRDF.uasset" 113
"../../../Engine/Content/EngineMaterials/PreintegratedSkinBRDF.uexp" 114
"../../../Engine/Plugins/Interchange/Runtime/Content/Functions/MX_UsdPreviewSurface.uasset" 115
"../../../Engine/Plugins/Interchange/Runtime/Content/Functions/MX_UsdPreviewSurface.uexp" 116
"../../../Engine/Plugins/Interchange/Runtime/Content/Functions/MX_UniformEDF.uasset" 117
"../../../Engine/Plugins/Interchange/Runtime/Content/Functions/MX_UniformEDF.uexp" 118
"../../../Engine/Plugins/Interchange/Runtime/Content/Functions/MX_TranslucentBSDF.uasset" 119
"../../../Engine/Plugins/Interchange/Runtime/Content/Functions/MX_TranslucentBSDF.uexp" 120
"../../../Engine/Plugins/Interchange/Runtime/Content/Functions/MX_ThinFilmBSDF.uasset" 121
"../../../Engine/Plugins/Interchange/Runtime/Content/Functions/MX_ThinFilmBSDF.uexp" 122
"../../../Engine/Plugins/Interchange/Runtime/Content/Functions/MX_SurfaceUnlit.uasset" 123
"../../../Engine/Plugins/Interchange/Runtime/Content/Functions/MX_SurfaceUnlit.uexp" 124
"../../../Engine/Plugins/Interchange/Runtime/Content/Functions/MX_Surface.uasset" 125
"../../../Engine/Plugins/Interchange/Runtime/Content/Functions/MX_Surface.uexp" 126
"../../../Engine/Plugins/Interchange/Runtime/Content/Functions/MX_SubsurfaceBSDF.uasset" 127
"../../../Engine/Plugins/Interchange/Runtime/Content/Functions/MX_SubsurfaceBSDF.uexp" 128
"../../../Engine/Plugins/Interchange/Runtime/Content/Functions/MX_SheenBSDF.uasset" 129
"../../../Engine/Plugins/Interchange/Runtime/Content/Functions/MX_SheenBSDF.uexp" 130
"../../../Engine/Plugins/Interchange/Runtime/Content/Functions/MX_OrenNayarBSDF.uasset" 131
"../../../Engine/Plugins/Interchange/Runtime/Content/Functions/MX_OrenNayarBSDF.uexp" 132
"../../../Engine/Content/Functions/Engine_MaterialFunctions02/Utility/CameraDirectionVector.uasset" 133
"../../../Engine/Content/Functions/Engine_MaterialFunctions02/Utility/CameraDirectionVector.uexp" 134
"../../../Engine/Content/Functions/Engine_MaterialFunctions01/Volumetrics/BeersLaw.uasset" 135
"../../../Engine/Content/Functions/Engine_MaterialFunctions01/Volumetrics/BeersLaw.uexp" 136
"../../../Engine/Content/EngineMaterials/Good64x64TilingNoiseHighFreq.uasset" 137
"../../../Engine/Content/EngineMaterials/Good64x64TilingNoiseHighFreq.uexp" 138
"../../../Engine/Content/Functions/Engine_MaterialFunctions02/Texturing/ScreenAlignedPixelToPixelUVs.uasset" 139
"../../../Engine/Content/Functions/Engine_MaterialFunctions02/Texturing/ScreenAlignedPixelToPixelUVs.uexp" 140
"../../../Engine/Plugins/Interchange/Runtime/Content/gltf/MaterialFunctions/MF_Temporal_Blur.uasset" 141
"../../../Engine/Plugins/Interchange/Runtime/Content/gltf/MaterialFunctions/MF_Temporal_Blur.uexp" 142
"../../../Engine/Plugins/Interchange/Runtime/Content/gltf/MaterialFunctions/MF_Fresnel_DS.uasset" 143
"../../../Engine/Plugins/Interchange/Runtime/Content/gltf/MaterialFunctions/MF_Fresnel_DS.uexp" 144
"../../../Engine/Content/Functions/Engine_MaterialFunctions02/Utility/BreakOutFloat3Components.uasset" 145
"../../../Engine/Content/Functions/Engine_MaterialFunctions02/Utility/BreakOutFloat3Components.uexp" 146
"../../../Engine/Plugins/Interchange/Runtime/Content/Functions/MX_Transmission.uasset" 147
"../../../Engine/Plugins/Interchange/Runtime/Content/Functions/MX_Transmission.uexp" 148
"../../../Engine/Plugins/Interchange/Runtime/Content/Functions/MF_OrenNayerView.uasset" 149
"../../../Engine/Plugins/Interchange/Runtime/Content/Functions/MF_OrenNayerView.uexp" 150
"../../../Engine/Plugins/Interchange/Runtime/Content/Functions/MF_SchlickApprox.uasset" 151
"../../../Engine/Plugins/Interchange/Runtime/Content/Functions/MF_SchlickApprox.uexp" 152
"../../../Engine/Plugins/Interchange/Runtime/Content/Utilities/New_LUT.uasset" 153
"../../../Engine/Plugins/Interchange/Runtime/Content/Utilities/New_LUT.uexp" 154
"../../../Engine/Content/Functions/Engine_MaterialFunctions03/Math/RemapValueRange.uasset" 155
"../../../Engine/Content/Functions/Engine_MaterialFunctions03/Math/RemapValueRange.uexp" 156
"../../../Engine/Plugins/Interchange/Runtime/Content/Functions/MF_Iridescence.uasset" 157
"../../../Engine/Plugins/Interchange/Runtime/Content/Functions/MF_Iridescence.uexp" 158
"../../../Engine/Plugins/Interchange/Runtime/Content/Functions/MX_StandardSurface.uasset" 159
"../../../Engine/Plugins/Interchange/Runtime/Content/Functions/MX_StandardSurface.uexp" 160
"../../../Engine/Plugins/Interchange/Runtime/Content/Functions/MX_TransmissionSurface.uasset" 161
"../../../Engine/Plugins/Interchange/Runtime/Content/Functions/MX_TransmissionSurface.uexp" 162
"../../../Engine/Plugins/Interchange/Runtime/Content/Functions/MX_OpenPBR_Translucent.uasset" 163
"../../../Engine/Plugins/Interchange/Runtime/Content/Functions/MX_OpenPBR_Translucent.uexp" 164
"../../../Engine/Plugins/Interchange/Runtime/Content/Functions/MX_OpenPBR_Opaque.uasset" 165
"../../../Engine/Plugins/Interchange/Runtime/Content/Functions/MX_OpenPBR_Opaque.uexp" 166
"../../../Engine/Plugins/Interchange/Runtime/Content/Functions/MX_MeasuredEDF.uasset" 167
"../../../Engine/Plugins/Interchange/Runtime/Content/Functions/MX_MeasuredEDF.uexp" 168
"../../../Engine/Plugins/Interchange/Runtime/Content/Functions/MX_GeneralizedSchlickBSDF.uasset" 169
"../../../Engine/Plugins/Interchange/Runtime/Content/Functions/MX_GeneralizedSchlickBSDF.uexp" 170
"../../../Engine/Plugins/Interchange/Runtime/Content/Functions/MX_DielectricBSDF.uasset" 171
"../../../Engine/Plugins/Interchange/Runtime/Content/Functions/MX_DielectricBSDF.uexp" 172
"../../../Engine/Plugins/Interchange/Runtime/Content/Functions/MX_ConicalEDF.uasset" 173
"../../../Engine/Plugins/Interchange/Runtime/Content/Functions/MX_ConicalEDF.uexp" 174
"../../../Engine/Plugins/Interchange/Runtime/Content/Functions/MX_ConductorBSDF.uasset" 175
"../../../Engine/Plugins/Interchange/Runtime/Content/Functions/MX_ConductorBSDF.uexp" 176
"../../../Engine/Plugins/Interchange/Runtime/Content/Functions/MX_BurleyDiffuseBSDF.uasset" 177
"../../../Engine/Plugins/Interchange/Runtime/Content/Functions/MX_BurleyDiffuseBSDF.uexp" 178
"../../../Engine/Plugins/Interchange/Runtime/Content/Functions/MX_AnisotropicVDF.uasset" 179
"../../../Engine/Plugins/Interchange/Runtime/Content/Functions/MX_AnisotropicVDF.uexp" 180
"../../../Engine/Plugins/Interchange/Runtime/Content/Functions/MX_AbsorptionVDF.uasset" 181
"../../../Engine/Plugins/Interchange/Runtime/Content/Functions/MX_AbsorptionVDF.uexp" 182
"../../../Engine/Plugins/Editor/SpeedTreeImporter/Content/SpeedTree9/game_wind_noise.ubulk" 183
"../../../Engine/Plugins/Editor/SpeedTreeImporter/Content/SpeedTree9/game_wind_noise.uasset" 184
"../../../Engine/Plugins/Editor/SpeedTreeImporter/Content/SpeedTree9/game_wind_noise.uexp" 185
"../../../Engine/Plugins/Editor/SpeedTreeImporter/Content/SpeedTree9/UnpackDirection.uasset" 186
"../../../Engine/Plugins/Editor/SpeedTreeImporter/Content/SpeedTree9/UnpackDirection.uexp" 187
"../../../Engine/Content/Functions/Engine_MaterialFunctions02/ObjectLocalBounds.uasset" 188
"../../../Engine/Content/Functions/Engine_MaterialFunctions02/ObjectLocalBounds.uexp" 189
"../../../Engine/Content/Functions/Engine_MaterialFunctions02/UVs/BoundingBoxBased_0-1_UVW.uasset" 190
"../../../Engine/Content/Functions/Engine_MaterialFunctions02/UVs/BoundingBoxBased_0-1_UVW.uexp" 191
"../../../Engine/Content/Functions/Engine_MaterialFunctions02/Utility/VectorLength.uasset" 192
"../../../Engine/Content/Functions/Engine_MaterialFunctions02/Utility/VectorLength.uexp" 193
"../../../Engine/Plugins/Editor/SpeedTreeImporter/Content/SpeedTree9/UnpackInteger3.uasset" 194
"../../../Engine/Plugins/Editor/SpeedTreeImporter/Content/SpeedTree9/UnpackInteger3.uexp" 195
"../../../Engine/Plugins/Editor/SpeedTreeImporter/Content/SpeedTree9/SpeedTreeCameraFacing.uasset" 196
"../../../Engine/Plugins/Editor/SpeedTreeImporter/Content/SpeedTree9/SpeedTreeCameraFacing.uexp" 197
"../../../Engine/Content/Functions/Engine_MaterialFunctions02/WorldPositionOffset/ObjectScale.uasset" 198
"../../../Engine/Content/Functions/Engine_MaterialFunctions02/WorldPositionOffset/ObjectScale.uexp" 199
"../../../Engine/Content/Functions/Engine_MaterialFunctions02/SafeNormalize.uasset" 200
"../../../Engine/Content/Functions/Engine_MaterialFunctions02/SafeNormalize.uexp" 201
"../../../Engine/Plugins/Editor/SpeedTreeImporter/Content/SpeedTree9/SpeedTreeWindMotion.uasset" 202
"../../../Engine/Plugins/Editor/SpeedTreeImporter/Content/SpeedTree9/SpeedTreeWindMotion.uexp" 203
"../../../Engine/Plugins/Editor/SpeedTreeImporter/Content/SpeedTree9/SpeedTreeBranchMotion.uasset" 204
"../../../Engine/Plugins/Editor/SpeedTreeImporter/Content/SpeedTree9/SpeedTreeBranchMotion.uexp" 205
"../../../Engine/Plugins/Editor/SpeedTreeImporter/Content/SpeedTree9/SpeedTreeWind.uasset" 206
"../../../Engine/Plugins/Editor/SpeedTreeImporter/Content/SpeedTree9/SpeedTreeWind.uexp" 207
"../../../Engine/Plugins/Editor/SpeedTreeImporter/Content/SpeedTree9/EmptyNormal.uasset" 208
"../../../Engine/Plugins/Editor/SpeedTreeImporter/Content/SpeedTree9/EmptyNormal.uexp" 209
"../../../Engine/Plugins/Editor/SpeedTreeImporter/Content/SpeedTree9/Empty.uasset" 210
"../../../Engine/Plugins/Editor/SpeedTreeImporter/Content/SpeedTree9/Empty.uexp" 211
"../../../Engine/Plugins/Editor/SpeedTreeImporter/Content/SpeedTree9/SpeedTreeMaster.uasset" 212
"../../../Engine/Plugins/Editor/SpeedTreeImporter/Content/SpeedTree9/SpeedTreeMaster.uexp" 213
"../../../Engine/Plugins/Editor/SpeedTreeImporter/Content/SpeedTree9/SpeedTreeBillboard.uasset" 214
"../../../Engine/Plugins/Editor/SpeedTreeImporter/Content/SpeedTree9/SpeedTreeBillboard.uexp" 215
"../../../Engine/Plugins/Editor/SpeedTreeImporter/Content/SpeedTree9/SpeedTreeBillboardMaster.uasset" 216
"../../../Engine/Plugins/Editor/SpeedTreeImporter/Content/SpeedTree9/SpeedTreeBillboardMaster.uexp" 217
"../../../Engine/Content/Functions/Engine_MaterialFunctions02/WorldPositionOffset/CameraOffset.uasset" 218
"../../../Engine/Content/Functions/Engine_MaterialFunctions02/WorldPositionOffset/CameraOffset.uexp" 219
"../../../Engine/Plugins/Animation/ControlRig/Content/M_Manip.uasset" 220
"../../../Engine/Plugins/Animation/ControlRig/Content/M_Manip.uexp" 221
"../../../Engine/Plugins/Animation/ControlRig/Content/Controls/DefaultGizmoLibraryNormalized.uasset" 222
"../../../Engine/Plugins/Animation/ControlRig/Content/Controls/DefaultGizmoLibraryNormalized.uexp" 223
"../../../Engine/Plugins/Animation/ControlRig/Content/Controls/ControlRig_Wedge_solid.ubulk" 224
"../../../Engine/Plugins/Animation/ControlRig/Content/Controls/ControlRig_Wedge_solid.uasset" 225
"../../../Engine/Plugins/Animation/ControlRig/Content/Controls/ControlRig_Wedge_solid.uexp" 226
"../../../Engine/Plugins/Animation/ControlRig/Content/Controls/ControlRig_Wedge_3mm.ubulk" 227
"../../../Engine/Plugins/Animation/ControlRig/Content/Controls/ControlRig_Wedge_3mm.uasset" 228
"../../../Engine/Plugins/Animation/ControlRig/Content/Controls/ControlRig_Wedge_3mm.uexp" 229
"../../../Engine/Plugins/Animation/ControlRig/Content/Controls/ControlRig_Wedge_1mm.ubulk" 230
"../../../Engine/Plugins/Animation/ControlRig/Content/Controls/ControlRig_Wedge_1mm.uasset" 231
"../../../Engine/Plugins/Animation/ControlRig/Content/Controls/ControlRig_Wedge_1mm.uexp" 232
"../../../Engine/Plugins/Animation/ControlRig/Content/Controls/ControlRig_Triangle_solid.ubulk" 233
"../../../Engine/Plugins/Animation/ControlRig/Content/Controls/ControlRig_Triangle_solid.uasset" 234
"../../../Engine/Plugins/Animation/ControlRig/Content/Controls/ControlRig_Triangle_solid.uexp" 235
"../../../Engine/Plugins/Animation/ControlRig/Content/Controls/ControlRig_Triangle_3mm.ubulk" 236
"../../../Engine/Plugins/Animation/ControlRig/Content/Controls/ControlRig_Triangle_3mm.uasset" 237
"../../../Engine/Plugins/Animation/ControlRig/Content/Controls/ControlRig_Triangle_3mm.uexp" 238
"../../../Engine/Plugins/Animation/ControlRig/Content/Controls/ControlRig_Triangle_1mm.ubulk" 239
"../../../Engine/Plugins/Animation/ControlRig/Content/Controls/ControlRig_Triangle_1mm.uasset" 240
"../../../Engine/Plugins/Animation/ControlRig/Content/Controls/ControlRig_Triangle_1mm.uexp" 241
"../../../Engine/Plugins/Animation/ControlRig/Content/Controls/ControlRig_Star4_solid.ubulk" 242
"../../../Engine/Plugins/Animation/ControlRig/Content/Controls/ControlRig_Star4_solid.uasset" 243
"../../../Engine/Plugins/Animation/ControlRig/Content/Controls/ControlRig_Star4_solid.uexp" 244
"../../../Engine/Plugins/Animation/ControlRig/Content/Controls/ControlRig_Star4_3mm.ubulk" 245
"../../../Engine/Plugins/Animation/ControlRig/Content/Controls/ControlRig_Star4_3mm.uasset" 246
"../../../Engine/Plugins/Animation/ControlRig/Content/Controls/ControlRig_Star4_3mm.uexp" 247
"../../../Engine/Plugins/Animation/ControlRig/Content/Controls/ControlRig_Star4_1mm.ubulk" 248
"../../../Engine/Plugins/Animation/ControlRig/Content/Controls/ControlRig_Star4_1mm.uasset" 249
"../../../Engine/Plugins/Animation/ControlRig/Content/Controls/ControlRig_Star4_1mm.uexp" 250
"../../../Engine/Plugins/Animation/ControlRig/Content/Controls/ControlRig_Square_solid.ubulk" 251
"../../../Engine/Plugins/Animation/ControlRig/Content/Controls/ControlRig_Square_solid.uasset" 252
"../../../Engine/Plugins/Animation/ControlRig/Content/Controls/ControlRig_Square_solid.uexp" 253
"../../../Engine/Plugins/Animation/ControlRig/Content/Controls/ControlRig_Square_3mm.ubulk" 254
"../../../Engine/Plugins/Animation/ControlRig/Content/Controls/ControlRig_Square_3mm.uasset" 255
"../../../Engine/Plugins/Animation/ControlRig/Content/Controls/ControlRig_Square_3mm.uexp" 256
"../../../Engine/Plugins/Animation/ControlRig/Content/Controls/ControlRig_Square_1mm.ubulk" 257
"../../../Engine/Plugins/Animation/ControlRig/Content/Controls/ControlRig_Square_1mm.uasset" 258
"../../../Engine/Plugins/Animation/ControlRig/Content/Controls/ControlRig_Square_1mm.uexp" 259
"../../../Engine/Plugins/Animation/ControlRig/Content/Controls/ControlRig_Sphere_solid.ubulk" 260
"../../../Engine/Plugins/Animation/ControlRig/Content/Controls/ControlRig_Sphere_solid.uasset" 261
"../../../Engine/Plugins/Animation/ControlRig/Content/Controls/ControlRig_Sphere_solid.uexp" 262
"../../../Engine/Plugins/Animation/ControlRig/Content/Controls/ControlRig_Sphere_3mm.ubulk" 263
"../../../Engine/Plugins/Animation/ControlRig/Content/Controls/ControlRig_Sphere_3mm.uasset" 264
"../../../Engine/Plugins/Animation/ControlRig/Content/Controls/ControlRig_Sphere_3mm.uexp" 265
"../../../Engine/Plugins/Animation/ControlRig/Content/Controls/ControlRig_Sphere_1mm.ubulk" 266
"../../../Engine/Plugins/Animation/ControlRig/Content/Controls/ControlRig_Sphere_1mm.uasset" 267
"../../../Engine/Plugins/Animation/ControlRig/Content/Controls/ControlRig_Sphere_1mm.uexp" 268
"../../../Engine/Plugins/Animation/ControlRig/Content/Controls/ControlRig_RoundedTriangle_solid.ubulk" 269
"../../../Engine/Plugins/Animation/ControlRig/Content/Controls/ControlRig_RoundedTriangle_solid.uasset" 270
"../../../Engine/Plugins/Animation/ControlRig/Content/Controls/ControlRig_RoundedTriangle_solid.uexp" 271
"../../../Engine/Plugins/Animation/ControlRig/Content/Controls/ControlRig_RoundedTriangle_3mm.ubulk" 272
"../../../Engine/Plugins/Animation/ControlRig/Content/Controls/ControlRig_RoundedTriangle_3mm.uasset" 273
"../../../Engine/Plugins/Animation/ControlRig/Content/Controls/ControlRig_RoundedTriangle_3mm.uexp" 274
"../../../Engine/Plugins/Animation/ControlRig/Content/Controls/ControlRig_RoundedTriangle_1mm.ubulk" 275
"../../../Engine/Plugins/Animation/ControlRig/Content/Controls/ControlRig_RoundedTriangle_1mm.uasset" 276
"../../../Engine/Plugins/Animation/ControlRig/Content/Controls/ControlRig_RoundedTriangle_1mm.uexp" 277
"../../../Engine/Plugins/Animation/ControlRig/Content/Controls/ControlRig_RoundedSquare_solid.ubulk" 278
"../../../Engine/Plugins/Animation/ControlRig/Content/Controls/ControlRig_RoundedSquare_solid.uasset" 279
"../../../Engine/Plugins/Animation/ControlRig/Content/Controls/ControlRig_RoundedSquare_solid.uexp" 280
"../../../Engine/Plugins/Animation/ControlRig/Content/Controls/ControlRig_RoundedSquare_3mm.ubulk" 281
"../../../Engine/Plugins/Animation/ControlRig/Content/Controls/ControlRig_RoundedSquare_3mm.uasset" 282
"../../../Engine/Plugins/Animation/ControlRig/Content/Controls/ControlRig_RoundedSquare_3mm.uexp" 283
"../../../Engine/Plugins/Animation/ControlRig/Content/Controls/ControlRig_RoundedSquare_1mm.ubulk" 284
"../../../Engine/Plugins/Animation/ControlRig/Content/Controls/ControlRig_RoundedSquare_1mm.uasset" 285
"../../../Engine/Plugins/Animation/ControlRig/Content/Controls/ControlRig_RoundedSquare_1mm.uexp" 286
"../../../Engine/Plugins/Animation/ControlRig/Content/Controls/ControlRig_QuarterCircle_solid.ubulk" 287
"../../../Engine/Plugins/Animation/ControlRig/Content/Controls/ControlRig_QuarterCircle_solid.uasset" 288
"../../../Engine/Plugins/Animation/ControlRig/Content/Controls/ControlRig_QuarterCircle_solid.uexp" 289
"../../../Engine/Plugins/Animation/ControlRig/Content/Controls/ControlRig_QuarterCircle_3mm.ubulk" 290
"../../../Engine/Plugins/Animation/ControlRig/Content/Controls/ControlRig_QuarterCircle_3mm.uasset" 291
"../../../Engine/Plugins/Animation/ControlRig/Content/Controls/ControlRig_QuarterCircle_3mm.uexp" 292
"../../../Engine/Plugins/Animation/ControlRig/Content/Controls/ControlRig_QuarterCircle_1mm.ubulk" 293
"../../../Engine/Plugins/Animation/ControlRig/Content/Controls/ControlRig_QuarterCircle_1mm.uasset" 294
"../../../Engine/Plugins/Animation/ControlRig/Content/Controls/ControlRig_QuarterCircle_1mm.uexp" 295
"../../../Engine/Plugins/Animation/ControlRig/Content/Controls/ControlRig_Pyramid_solid.ubulk" 296
"../../../Engine/Plugins/Animation/ControlRig/Content/Controls/ControlRig_Pyramid_solid.uasset" 297
"../../../Engine/Plugins/Animation/ControlRig/Content/Controls/ControlRig_Pyramid_solid.uexp" 298
"../../../Engine/Plugins/Animation/ControlRig/Content/Controls/ControlRig_Pyramid_3mm.ubulk" 299
"../../../Engine/Plugins/Animation/ControlRig/Content/Controls/ControlRig_Pyramid_3mm.uasset" 300
"../../../Engine/Plugins/Animation/ControlRig/Content/Controls/ControlRig_Pyramid_3mm.uexp" 301
"../../../Engine/Plugins/Animation/ControlRig/Content/Controls/ControlRig_Pyramid_1mm.ubulk" 302
"../../../Engine/Plugins/Animation/ControlRig/Content/Controls/ControlRig_Pyramid_1mm.uasset" 303
"../../../Engine/Plugins/Animation/ControlRig/Content/Controls/ControlRig_Pyramid_1mm.uexp" 304
"../../../Engine/Plugins/Animation/ControlRig/Content/Controls/ControlRig_Octagon_solid.ubulk" 305
"../../../Engine/Plugins/Animation/ControlRig/Content/Controls/ControlRig_Octagon_solid.uasset" 306
"../../../Engine/Plugins/Animation/ControlRig/Content/Controls/ControlRig_Octagon_solid.uexp" 307
"../../../Engine/Plugins/Animation/ControlRig/Content/Controls/ControlRig_Octagon_3mm.ubulk" 308
"../../../Engine/Plugins/Animation/ControlRig/Content/Controls/ControlRig_Octagon_3mm.uasset" 309
"../../../Engine/Plugins/Animation/ControlRig/Content/Controls/ControlRig_Octagon_3mm.uexp" 310
"../../../Engine/Plugins/Animation/ControlRig/Content/Controls/ControlRig_Octagon_1mm.ubulk" 311
"../../../Engine/Plugins/Animation/ControlRig/Content/Controls/ControlRig_Octagon_1mm.uasset" 312
"../../../Engine/Plugins/Animation/ControlRig/Content/Controls/ControlRig_Octagon_1mm.uexp" 313
"../../../Engine/Plugins/Animation/ControlRig/Content/Controls/ControlRig_Hexagon_solid.ubulk" 314
"../../../Engine/Plugins/Animation/ControlRig/Content/Controls/ControlRig_Hexagon_solid.uasset" 315
"../../../Engine/Plugins/Animation/ControlRig/Content/Controls/ControlRig_Hexagon_solid.uexp" 316
"../../../Engine/Plugins/Animation/ControlRig/Content/Controls/ControlRig_Hexagon_3mm.ubulk" 317
"../../../Engine/Plugins/Animation/ControlRig/Content/Controls/ControlRig_Hexagon_3mm.uasset" 318
"../../../Engine/Plugins/Animation/ControlRig/Content/Controls/ControlRig_Hexagon_3mm.uexp" 319
"../../../Engine/Plugins/Animation/ControlRig/Content/Controls/ControlRig_Hexagon_1mm.ubulk" 320
"../../../Engine/Plugins/Animation/ControlRig/Content/Controls/ControlRig_Hexagon_1mm.uasset" 321
"../../../Engine/Plugins/Animation/ControlRig/Content/Controls/ControlRig_Hexagon_1mm.uexp" 322
"../../../Engine/Plugins/Animation/ControlRig/Content/Controls/ControlRig_HalfCircle_solid.ubulk" 323
"../../../Engine/Plugins/Animation/ControlRig/Content/Controls/ControlRig_HalfCircle_solid.uasset" 324
"../../../Engine/Plugins/Animation/ControlRig/Content/Controls/ControlRig_HalfCircle_solid.uexp" 325
"../../../Engine/Plugins/Animation/ControlRig/Content/Controls/ControlRig_HalfCircle_3mm.ubulk" 326
"../../../Engine/Plugins/Animation/ControlRig/Content/Controls/ControlRig_HalfCircle_3mm.uasset" 327
"../../../Engine/Plugins/Animation/ControlRig/Content/Controls/ControlRig_HalfCircle_3mm.uexp" 328
"../../../Engine/Plugins/Animation/ControlRig/Content/Controls/ControlRig_HalfCircle_1mm.ubulk" 329
"../../../Engine/Plugins/Animation/ControlRig/Content/Controls/ControlRig_HalfCircle_1mm.uasset" 330
"../../../Engine/Plugins/Animation/ControlRig/Content/Controls/ControlRig_HalfCircle_1mm.uexp" 331
"../../../Engine/Plugins/Animation/ControlRig/Content/Controls/ControlRig_Diamond_solid.ubulk" 332
"../../../Engine/Plugins/Animation/ControlRig/Content/Controls/ControlRig_Diamond_solid.uasset" 333
"../../../Engine/Plugins/Animation/ControlRig/Content/Controls/ControlRig_Diamond_solid.uexp" 334
"../../../Engine/Plugins/Animation/ControlRig/Content/Controls/ControlRig_Diamond_3mm.ubulk" 335
"../../../Engine/Plugins/Animation/ControlRig/Content/Controls/ControlRig_Diamond_3mm.uasset" 336
"../../../Engine/Plugins/Animation/ControlRig/Content/Controls/ControlRig_Diamond_3mm.uexp" 337
"../../../Engine/Plugins/Animation/ControlRig/Content/Controls/ControlRig_Diamond_1mm.ubulk" 338
"../../../Engine/Plugins/Animation/ControlRig/Content/Controls/ControlRig_Diamond_1mm.uasset" 339
"../../../Engine/Plugins/Animation/ControlRig/Content/Controls/ControlRig_Diamond_1mm.uexp" 340
"../../../Engine/Plugins/Animation/ControlRig/Content/Controls/ControlRig_Circle_solid.ubulk" 341
"../../../Engine/Plugins/Animation/ControlRig/Content/Controls/ControlRig_Circle_solid.uasset" 342
"../../../Engine/Plugins/Animation/ControlRig/Content/Controls/ControlRig_Circle_solid.uexp" 343
"../../../Engine/Plugins/Animation/ControlRig/Content/Controls/ControlRig_Circle_3mm.ubulk" 344
"../../../Engine/Plugins/Animation/ControlRig/Content/Controls/ControlRig_Circle_3mm.uasset" 345
"../../../Engine/Plugins/Animation/ControlRig/Content/Controls/ControlRig_Circle_3mm.uexp" 346
"../../../Engine/Plugins/Animation/ControlRig/Content/Controls/ControlRig_Circle_1mm.ubulk" 347
"../../../Engine/Plugins/Animation/ControlRig/Content/Controls/ControlRig_Circle_1mm.uasset" 348
"../../../Engine/Plugins/Animation/ControlRig/Content/Controls/ControlRig_Circle_1mm.uexp" 349
"../../../Engine/Plugins/Animation/ControlRig/Content/Controls/ControlRig_Box_solid.ubulk" 350
"../../../Engine/Plugins/Animation/ControlRig/Content/Controls/ControlRig_Box_solid.uasset" 351
"../../../Engine/Plugins/Animation/ControlRig/Content/Controls/ControlRig_Box_solid.uexp" 352
"../../../Engine/Plugins/Animation/ControlRig/Content/Controls/ControlRig_Box_3mm.ubulk" 353
"../../../Engine/Plugins/Animation/ControlRig/Content/Controls/ControlRig_Box_3mm.uasset" 354
"../../../Engine/Plugins/Animation/ControlRig/Content/Controls/ControlRig_Box_3mm.uexp" 355
"../../../Engine/Plugins/Animation/ControlRig/Content/Controls/ControlRig_Box_1mm.ubulk" 356
"../../../Engine/Plugins/Animation/ControlRig/Content/Controls/ControlRig_Box_1mm.uasset" 357
"../../../Engine/Plugins/Animation/ControlRig/Content/Controls/ControlRig_Box_1mm.uexp" 358
"../../../Engine/Plugins/Animation/ControlRig/Content/Controls/ControlRig_Arrow_solid.ubulk" 359
"../../../Engine/Plugins/Animation/ControlRig/Content/Controls/ControlRig_Arrow_solid.uasset" 360
"../../../Engine/Plugins/Animation/ControlRig/Content/Controls/ControlRig_Arrow_solid.uexp" 361
"../../../Engine/Plugins/Animation/ControlRig/Content/Controls/ControlRig_Arrow_3mm.ubulk" 362
"../../../Engine/Plugins/Animation/ControlRig/Content/Controls/ControlRig_Arrow_3mm.uasset" 363
"../../../Engine/Plugins/Animation/ControlRig/Content/Controls/ControlRig_Arrow_3mm.uexp" 364
"../../../Engine/Plugins/Animation/ControlRig/Content/Controls/ControlRig_Arrow_1mm.ubulk" 365
"../../../Engine/Plugins/Animation/ControlRig/Content/Controls/ControlRig_Arrow_1mm.uasset" 366
"../../../Engine/Plugins/Animation/ControlRig/Content/Controls/ControlRig_Arrow_1mm.uexp" 367
"../../../Engine/Plugins/Animation/ControlRig/Content/Controls/ControlRig_Arrow4_solid.ubulk" 368
"../../../Engine/Plugins/Animation/ControlRig/Content/Controls/ControlRig_Arrow4_solid.uasset" 369
"../../../Engine/Plugins/Animation/ControlRig/Content/Controls/ControlRig_Arrow4_solid.uexp" 370
"../../../Engine/Plugins/Animation/ControlRig/Content/Controls/ControlRig_Arrow4_3mm.ubulk" 371
"../../../Engine/Plugins/Animation/ControlRig/Content/Controls/ControlRig_Arrow4_3mm.uasset" 372
"../../../Engine/Plugins/Animation/ControlRig/Content/Controls/ControlRig_Arrow4_3mm.uexp" 373
"../../../Engine/Plugins/Animation/ControlRig/Content/Controls/ControlRig_Arrow4_1mm.ubulk" 374
"../../../Engine/Plugins/Animation/ControlRig/Content/Controls/ControlRig_Arrow4_1mm.uasset" 375
"../../../Engine/Plugins/Animation/ControlRig/Content/Controls/ControlRig_Arrow4_1mm.uexp" 376
"../../../Engine/Plugins/Animation/ControlRig/Content/Controls/ControlRig_Arrow2_solid.ubulk" 377
"../../../Engine/Plugins/Animation/ControlRig/Content/Controls/ControlRig_Arrow2_solid.uasset" 378
"../../../Engine/Plugins/Animation/ControlRig/Content/Controls/ControlRig_Arrow2_solid.uexp" 379
"../../../Engine/Plugins/Animation/ControlRig/Content/Controls/ControlRig_Arrow2_3mm.ubulk" 380
"../../../Engine/Plugins/Animation/ControlRig/Content/Controls/ControlRig_Arrow2_3mm.uasset" 381
"../../../Engine/Plugins/Animation/ControlRig/Content/Controls/ControlRig_Arrow2_3mm.uexp" 382
"../../../Engine/Plugins/Animation/ControlRig/Content/Controls/ControlRig_Arrow2_1mm.ubulk" 383
"../../../Engine/Plugins/Animation/ControlRig/Content/Controls/ControlRig_Arrow2_1mm.uasset" 384
"../../../Engine/Plugins/Animation/ControlRig/Content/Controls/ControlRig_Arrow2_1mm.uexp" 385
"../../../Engine/Plugins/Animation/ControlRig/Content/Controls/ControlRigXRayMaterial.uasset" 386
"../../../Engine/Plugins/Animation/ControlRig/Content/Controls/ControlRigXRayMaterial.uexp" 387
"../../../Engine/Plugins/Animation/ControlRig/Content/Controls/ControlRigGizmoMaterial.uasset" 388
"../../../Engine/Plugins/Animation/ControlRig/Content/Controls/ControlRigGizmoMaterial.uexp" 389
"../../../Engine/Plugins/Animation/ACLPlugin/Content/ACLAnimCurveCompressionSettings.uasset" 390
"../../../Engine/Plugins/Animation/ACLPlugin/Content/ACLAnimCurveCompressionSettings.uexp" 391
"../../../Engine/Plugins/Animation/ACLPlugin/Content/ACLAnimBoneCompressionSettings.uasset" 392
"../../../Engine/Plugins/Animation/ACLPlugin/Content/ACLAnimBoneCompressionSettings.uexp" 393
"../../../Engine/Plugins/2D/Paper2D/Content/PlaceholderTextures/DummySpriteTexture.ubulk" 394
"../../../Engine/Plugins/2D/Paper2D/Content/PlaceholderTextures/DummySpriteTexture.uasset" 395
"../../../Engine/Plugins/2D/Paper2D/Content/PlaceholderTextures/DummySpriteTexture.uexp" 396
"../../../Engine/Plugins/2D/Paper2D/Content/DefaultSpriteMaterial.uasset" 397
"../../../Engine/Plugins/2D/Paper2D/Content/DefaultSpriteMaterial.uexp" 398
"../../../Engine/Plugins/2D/Paper2D/Content/OpaqueUnlitSpriteMaterial.uasset" 399
"../../../Engine/Plugins/2D/Paper2D/Content/OpaqueUnlitSpriteMaterial.uexp" 400
"../../../Engine/Plugins/2D/Paper2D/Content/MaskedUnlitSpriteMaterial.uasset" 401
"../../../Engine/Plugins/2D/Paper2D/Content/MaskedUnlitSpriteMaterial.uexp" 402
"../../../Engine/Plugins/2D/Paper2D/Content/DummySprite.uasset" 403
"../../../Engine/Plugins/2D/Paper2D/Content/DummySprite.uexp" 404
"../../../Engine/Plugins/2D/Paper2D/Content/DefaultPaperTerrainMaterial.uasset" 405
"../../../Engine/Plugins/2D/Paper2D/Content/DefaultPaperTerrainMaterial.uexp" 406
"../../../Engine/Content/VREditor/TransformGizmo/StartRotationHandleIndicator.ubulk" 407
"../../../Engine/Content/VREditor/TransformGizmo/StartRotationHandleIndicator.uasset" 408
"../../../Engine/Content/VREditor/TransformGizmo/StartRotationHandleIndicator.uexp" 409
"../../../Engine/Content/VREditor/Sounds/UI/Drop_Item_From_ContentBrowser.ubulk" 410
"../../../Engine/Content/VREditor/Sounds/UI/Drop_Item_From_ContentBrowser.uasset" 411
"../../../Engine/Content/VREditor/Sounds/UI/Drop_Item_From_ContentBrowser.uexp" 412
"../../../Engine/Content/VREditor/TransformGizmo/PlaneTranslationHandle.ubulk" 413
"../../../Engine/Content/VREditor/TransformGizmo/PlaneTranslationHandle.uasset" 414
"../../../Engine/Content/VREditor/TransformGizmo/PlaneTranslationHandle.uexp" 415
"../../../Engine/Content/VREditor/Sounds/UI/Object_Snaps_To_Grid.ubulk" 416
"../../../Engine/Content/VREditor/Sounds/UI/Object_Snaps_To_Grid.uasset" 417
"../../../Engine/Content/VREditor/Sounds/UI/Object_Snaps_To_Grid.uexp" 418
"../../../Engine/Content/VREditor/Sounds/UI/Selection_Changes.ubulk" 419
"../../../Engine/Content/VREditor/Sounds/UI/Selection_Changes.uasset" 420
"../../../Engine/Content/VREditor/Sounds/UI/Selection_Changes.uexp" 421
"../../../Engine/Content/VREditor/Sounds/UI/Object_Snaps_To_Another_Actor.ubulk" 422
"../../../Engine/Content/VREditor/Sounds/UI/Object_Snaps_To_Another_Actor.uasset" 423
"../../../Engine/Content/VREditor/Sounds/UI/Object_Snaps_To_Another_Actor.uexp" 424
"../../../Engine/Content/VREditor/TransformGizmo/TranslucentTransformGizmoMaterial_Inst.uasset" 425
"../../../Engine/Content/VREditor/TransformGizmo/TranslucentTransformGizmoMaterial_Inst.uexp" 426
"../../../Engine/Content/VREditor/TransformGizmo/TransformGizmoFreeRotation.ubulk" 427
"../../../Engine/Content/VREditor/TransformGizmo/TransformGizmoFreeRotation.uasset" 428
"../../../Engine/Content/VREditor/TransformGizmo/TransformGizmoFreeRotation.uexp" 429
"../../../Engine/Content/VREditor/Sounds/UI/Scaling_Down.ubulk" 430
"../../../Engine/Content/VREditor/Sounds/UI/Scaling_Down.uasset" 431
"../../../Engine/Content/VREditor/Sounds/UI/Scaling_Down.uexp" 432
"../../../Engine/Content/Functions/Engine_MaterialFunctions02/Math/Transform3x3Matrix.uasset" 433
"../../../Engine/Content/Functions/Engine_MaterialFunctions02/Math/Transform3x3Matrix.uexp" 434
"../../../Engine/Content/Functions/Engine_MaterialFunctions02/SplitComponents.uasset" 435
"../../../Engine/Content/Functions/Engine_MaterialFunctions02/SplitComponents.uexp" 436
"../../../Engine/Content/Functions/Engine_MaterialFunctions02/Utility/MakeFloat3.uasset" 437
"../../../Engine/Content/Functions/Engine_MaterialFunctions02/Utility/MakeFloat3.uexp" 438
"../../../Engine/Content/VREditor/SnapGrid/SnapGridMaterial.uasset" 439
"../../../Engine/Content/VREditor/SnapGrid/SnapGridMaterial.uexp" 440
"../../../Engine/Content/VREditor/SnapGrid/SnapGridPlaneMesh.ubulk" 441
"../../../Engine/Content/VREditor/SnapGrid/SnapGridPlaneMesh.uasset" 442
"../../../Engine/Content/VREditor/SnapGrid/SnapGridPlaneMesh.uexp" 443
"../../../Engine/Content/VREditor/Sounds/UI/Scaling_Up.ubulk" 444
"../../../Engine/Content/VREditor/Sounds/UI/Scaling_Up.uasset" 445
"../../../Engine/Content/VREditor/Sounds/UI/Scaling_Up.uexp" 446
"../../../Engine/Content/VREditor/TransformGizmo/TransformGizmoMaterial_Inst.uasset" 447
"../../../Engine/Content/VREditor/TransformGizmo/TransformGizmoMaterial_Inst.uexp" 448
"../../../Engine/Content/VREditor/Sounds/UI/Gizmo_Handle_Clicked.ubulk" 449
"../../../Engine/Content/VREditor/Sounds/UI/Gizmo_Handle_Clicked.uasset" 450
"../../../Engine/Content/VREditor/Sounds/UI/Gizmo_Handle_Clicked.uexp" 451
"../../../Engine/Content/VREditor/TransformGizmo/RotationHandleQuarter.ubulk" 452
"../../../Engine/Content/VREditor/TransformGizmo/RotationHandleQuarter.uasset" 453
"../../../Engine/Content/VREditor/TransformGizmo/RotationHandleQuarter.uexp" 454
"../../../Engine/Content/VREditor/TransformGizmo/TranslateArrowHandle.ubulk" 455
"../../../Engine/Content/VREditor/TransformGizmo/TranslateArrowHandle.uasset" 456
"../../../Engine/Content/VREditor/TransformGizmo/TranslateArrowHandle.uexp" 457
"../../../Engine/Content/VREditor/TransformGizmo/RotationHandleIndicator.ubulk" 458
"../../../Engine/Content/VREditor/TransformGizmo/RotationHandleIndicator.uasset" 459
"../../../Engine/Content/VREditor/TransformGizmo/RotationHandleIndicator.uexp" 460
"../../../Engine/Content/VREditor/TransformGizmo/UniformScaleHandle.ubulk" 461
"../../../Engine/Content/VREditor/TransformGizmo/UniformScaleHandle.uasset" 462
"../../../Engine/Content/VREditor/TransformGizmo/UniformScaleHandle.uexp" 463
"../../../Engine/Content/VREditor/TransformGizmo/RotationHandleFull.ubulk" 464
"../../../Engine/Content/VREditor/TransformGizmo/RotationHandleFull.uasset" 465
"../../../Engine/Content/VREditor/TransformGizmo/RotationHandleFull.uexp" 466
"../../../Engine/Content/VREditor/Sounds/UI/Object_PickUp.ubulk" 467
"../../../Engine/Content/VREditor/Sounds/UI/Object_PickUp.uasset" 468
"../../../Engine/Content/VREditor/Sounds/UI/Object_PickUp.uexp" 469
"../../../Engine/Content/EngineSounds/Master.uasset" 470
"../../../Engine/Content/EngineSounds/Master.uexp" 471
"../../../Engine/Content/EngineResources/WhiteSquareTexture.uasset" 472
"../../../Engine/Content/EngineResources/WhiteSquareTexture.uexp" 473
"../../../Engine/Content/EngineMaterials/Widget3DPassThrough.uasset" 474
"../../../Engine/Content/EngineMaterials/Widget3DPassThrough.uexp" 475
"../../../Engine/Content/EngineMaterials/Widget3DPassThrough_Translucent.uasset" 476
"../../../Engine/Content/EngineMaterials/Widget3DPassThrough_Translucent.uexp" 477
"../../../Engine/Content/EngineMaterials/Widget3DPassThrough_Translucent_OneSided.uasset" 478
"../../../Engine/Content/EngineMaterials/Widget3DPassThrough_Translucent_OneSided.uexp" 479
"../../../Engine/Content/EngineMaterials/Widget3DPassThrough_Opaque.uasset" 480
"../../../Engine/Content/EngineMaterials/Widget3DPassThrough_Opaque.uexp" 481
"../../../Engine/Content/EngineMaterials/Widget3DPassThrough_Opaque_OneSided.uasset" 482
"../../../Engine/Content/EngineMaterials/Widget3DPassThrough_Opaque_OneSided.uexp" 483
"../../../Engine/Content/EngineMaterials/Widget3DPassThrough_Masked_OneSided.uasset" 484
"../../../Engine/Content/EngineMaterials/Widget3DPassThrough_Masked_OneSided.uexp" 485
"../../../Engine/Content/EngineMaterials/Widget3DPassThrough_Masked.uasset" 486
"../../../Engine/Content/EngineMaterials/Widget3DPassThrough_Masked.uexp" 487
"../../../Engine/Content/EngineMaterials/STBlueNoise_vec2_128x128x64.uasset" 488
"../../../Engine/Content/EngineMaterials/STBlueNoise_vec2_128x128x64.uexp" 489
"../../../Engine/Content/EngineMaterials/STBlueNoise_scalar_128x128x64.uasset" 490
"../../../Engine/Content/EngineMaterials/STBlueNoise_scalar_128x128x64.uexp" 491
"../../../Engine/Content/EngineMaterials/RemoveSurfaceMaterial.uasset" 492
"../../../Engine/Content/EngineMaterials/RemoveSurfaceMaterial.uexp" 493
"../../../Engine/Content/EngineMaterials/DefaultCalibrationGrayscale.uasset" 494
"../../../Engine/Content/EngineMaterials/DefaultCalibrationGrayscale.uexp" 495
"../../../Engine/Content/EngineMaterials/PPM_DefaultCalibrationGrayscale.uasset" 496
"../../../Engine/Content/EngineMaterials/PPM_DefaultCalibrationGrayscale.uexp" 497
"../../../Engine/Content/EngineMaterials/DefaultCalibrationColor.uasset" 498
"../../../Engine/Content/EngineMaterials/DefaultCalibrationColor.uexp" 499
"../../../Engine/Content/EngineMaterials/PPM_DefaultCalibrationColor.uasset" 500
"../../../Engine/Content/EngineMaterials/PPM_DefaultCalibrationColor.uexp" 501
"../../../Engine/Content/EngineMaterials/PhAT_JointLimitMaterial.uasset" 502
"../../../Engine/Content/EngineMaterials/PhAT_JointLimitMaterial.uexp" 503
"../../../Engine/Content/EngineMaterials/NaniteHiddenSectionMaterial.uasset" 504
"../../../Engine/Content/EngineMaterials/NaniteHiddenSectionMaterial.uexp" 505
"../../../Engine/Content/EngineMaterials/InvalidLightmapSettings.ubulk" 506
"../../../Engine/Content/EngineMaterials/InvalidLightmapSettings.uasset" 507
"../../../Engine/Content/EngineMaterials/InvalidLightmapSettings.uexp" 508
"../../../Engine/Content/EngineMaterials/M_InvalidLightmapSettings.uasset" 509
"../../../Engine/Content/EngineMaterials/M_InvalidLightmapSettings.uexp" 510
"../../../Engine/Content/EngineMaterials/GizmoMaterial.uasset" 511
"../../../Engine/Content/EngineMaterials/GizmoMaterial.uexp" 512
"../../../Engine/Content/EngineMaterials/BaseFlattenEmissiveMap_VT.uasset" 513
"../../../Engine/Content/EngineMaterials/BaseFlattenEmissiveMap_VT.uexp" 514
"../../../Engine/Content/EngineMaterials/BaseFlattenGrayscaleMap_VT.uasset" 515
"../../../Engine/Content/EngineMaterials/BaseFlattenGrayscaleMap_VT.uexp" 516
"../../../Engine/Content/EngineMaterials/BaseFlattenLinearColor_VT.uasset" 517
"../../../Engine/Content/EngineMaterials/BaseFlattenLinearColor_VT.uexp" 518
"../../../Engine/Content/EngineMaterials/Black_1x1_EXR_Texture_VT.uasset" 519
"../../../Engine/Content/EngineMaterials/Black_1x1_EXR_Texture_VT.uexp" 520
"../../../Engine/Content/EngineMaterials/BaseFlattenDiffuseMap_VT.uasset" 521
"../../../Engine/Content/EngineMaterials/BaseFlattenDiffuseMap_VT.uexp" 522
"../../../Engine/Content/EngineMaterials/BaseFlattenNormalMap_VT.uasset" 523
"../../../Engine/Content/EngineMaterials/BaseFlattenNormalMap_VT.uexp" 524
"../../../Engine/Content/EngineMaterials/FlattenMaterial_WS_Normal_VT.uasset" 525
"../../../Engine/Content/EngineMaterials/FlattenMaterial_WS_Normal_VT.uexp" 526
"../../../Engine/Content/EngineMaterials/FlattenMaterial_VT.uasset" 527
"../../../Engine/Content/EngineMaterials/FlattenMaterial_VT.uexp" 528
"../../../Engine/Content/EngineMaterials/BaseFlattenNormalMap.uasset" 529
"../../../Engine/Content/EngineMaterials/BaseFlattenNormalMap.uexp" 530
"../../../Engine/Content/EngineMaterials/BaseFlattenGrayscaleMap.uasset" 531
"../../../Engine/Content/EngineMaterials/BaseFlattenGrayscaleMap.uexp" 532
"../../../Engine/Content/EngineMaterials/BaseFlattenDiffuseMap.uasset" 533
"../../../Engine/Content/EngineMaterials/BaseFlattenDiffuseMap.uexp" 534
"../../../Engine/Content/Functions/Engine_MaterialFunctions02/PivotPainter2/Black_1x1_EXR_Texture.uasset" 535
"../../../Engine/Content/Functions/Engine_MaterialFunctions02/PivotPainter2/Black_1x1_EXR_Texture.uexp" 536
"../../../Engine/Content/EngineMaterials/BaseFlattenEmissiveMap.uasset" 537
"../../../Engine/Content/EngineMaterials/BaseFlattenEmissiveMap.uexp" 538
"../../../Engine/Content/EngineMaterials/BaseFlattenLinearColor.uasset" 539
"../../../Engine/Content/EngineMaterials/BaseFlattenLinearColor.uexp" 540
"../../../Engine/Content/EngineMaterials/FlattenMaterial.uasset" 541
"../../../Engine/Content/EngineMaterials/FlattenMaterial.uexp" 542
"../../../Engine/Content/EngineMaterials/DefaultWhiteGrid_Low.uasset" 543
"../../../Engine/Content/EngineMaterials/DefaultWhiteGrid_Low.uexp" 544
"../../../Engine/Content/EngineMaterials/EmissiveMeshMaterial.uasset" 545
"../../../Engine/Content/EngineMaterials/EmissiveMeshMaterial.uexp" 546
"../../../Engine/Content/EngineFonts/RobotoDistanceField.uasset" 547
"../../../Engine/Content/EngineFonts/RobotoDistanceField.uexp" 548
"../../../Engine/Content/EngineMaterials/DefaultTextMaterialOpaque.uasset" 549
"../../../Engine/Content/EngineMaterials/DefaultTextMaterialOpaque.uexp" 550
"../../../Engine/Content/EngineMaterials/DefaultDiffuse.ubulk" 551
"../../../Engine/Content/EngineMaterials/DefaultDiffuse.uasset" 552
"../../../Engine/Content/EngineMaterials/DefaultDiffuse.uexp" 553
"../../../Engine/Content/Functions/Engine_MaterialFunctions02/Utility/BreakOutFloat2Components.uasset" 554
"../../../Engine/Content/Functions/Engine_MaterialFunctions02/Utility/BreakOutFloat2Components.uexp" 555
"../../../Engine/Content/EngineMaterials/DefaultPostProcessMaterial.uasset" 556
"../../../Engine/Content/EngineMaterials/DefaultPostProcessMaterial.uexp" 557
"../../../Engine/Content/EngineMaterials/DefaultPhysicalMaterial.uasset" 558
"../../../Engine/Content/EngineMaterials/DefaultPhysicalMaterial.uexp" 559
"../../../Engine/Content/EngineMaterials/DefaultLightFunctionMaterial.uasset" 560
"../../../Engine/Content/EngineMaterials/DefaultLightFunctionMaterial.uexp" 561
"../../../Engine/Content/EngineMaterials/DefaultDestructiblePhysicalMaterial.uasset" 562
"../../../Engine/Content/EngineMaterials/DefaultDestructiblePhysicalMaterial.uexp" 563
"../../../Engine/Content/EngineMaterials/DefaultDeferredDecalMaterial.uasset" 564
"../../../Engine/Content/EngineMaterials/DefaultDeferredDecalMaterial.uexp" 565
"../../../Engine/Content/EngineMaterials/DefaultBloomKernel.uasset" 566
"../../../Engine/Content/EngineMaterials/DefaultBloomKernel.uexp" 567
"../../../Engine/Content/EngineFonts/Faces/RobotoLight.uexp" 568
"../../../Engine/Content/EngineFonts/Faces/RobotoLight.uasset" 569
"../../../Engine/Content/EngineFonts/Faces/RobotoLight.ufont" 570
"../../../Engine/Content/EngineFonts/Faces/RobotoBold.uexp" 571
"../../../Engine/Content/EngineFonts/Faces/RobotoBold.uasset" 572
"../../../Engine/Content/EngineFonts/Faces/RobotoBold.ufont" 573
"../../../Engine/Content/EngineFonts/Faces/RobotoRegular.uexp" 574
"../../../Engine/Content/EngineFonts/Faces/RobotoRegular.uasset" 575
"../../../Engine/Content/EngineFonts/Faces/RobotoRegular.ufont" 576
"../../../Engine/Content/EngineFonts/Faces/DroidSansFallback.uexp" 577
"../../../Engine/Content/EngineFonts/Faces/DroidSansFallback.uasset" 578
"../../../Engine/Content/EngineFonts/Faces/DroidSansFallback.ufont" 579
"../../../Engine/Content/EngineFonts/Faces/RobotoItalic.uexp" 580
"../../../Engine/Content/EngineFonts/Faces/RobotoItalic.uasset" 581
"../../../Engine/Content/EngineFonts/Faces/RobotoItalic.ufont" 582
"../../../Engine/Content/EngineFonts/Faces/RobotoBoldItalic.uexp" 583
"../../../Engine/Content/EngineFonts/Faces/RobotoBoldItalic.uasset" 584
"../../../Engine/Content/EngineFonts/Faces/RobotoBoldItalic.ufont" 585
"../../../Engine/Content/EngineFonts/Roboto.uasset" 586
"../../../Engine/Content/EngineFonts/Roboto.uexp" 587
"../../../Engine/Content/EngineDebugMaterials/VolumeToRender.uasset" 588
"../../../Engine/Content/EngineDebugMaterials/VolumeToRender.uexp" 589
"../../../Engine/Content/EngineDebugMaterials/M_VolumeRenderSphereTracePP.uasset" 590
"../../../Engine/Content/EngineDebugMaterials/M_VolumeRenderSphereTracePP.uexp" 591
"../../../Engine/Content/EngineDebugMaterials/M_SimpleUnlitTranslucent.uasset" 592
"../../../Engine/Content/EngineDebugMaterials/M_SimpleUnlitTranslucent.uexp" 593
"../../../Engine/Content/EngineDebugMaterials/DebugMeshMaterial.uasset" 594
"../../../Engine/Content/EngineDebugMaterials/DebugMeshMaterial.uexp" 595
"../../../Engine/Content/EngineDebugMaterials/DebugEditorMaterial.uasset" 596
"../../../Engine/Content/EngineDebugMaterials/DebugEditorMaterial.uexp" 597
"../../../Engine/Content/EngineDamageTypes/DmgTypeBP_Environmental.uasset" 598
"../../../Engine/Content/EngineDamageTypes/DmgTypeBP_Environmental.uexp" 599
"../../../Engine/Content/EditorResources/S_Terrain.ubulk" 600
"../../../Engine/Content/EditorResources/S_Terrain.uasset" 601
"../../../Engine/Content/EditorResources/S_Terrain.uexp" 602
"../../../Engine/Content/EditorResources/EmptyActor.uasset" 603
"../../../Engine/Content/EditorResources/EmptyActor.uexp" 604
"../../../Engine/Content/EditorResources/BSPVertex.uasset" 605
"../../../Engine/Content/EditorResources/BSPVertex.uexp" 606
"../../../Engine/Content/EditorMaterials/PreviewShadowIndicator.ubulk" 607
"../../../Engine/Content/EditorMaterials/PreviewShadowIndicator.uasset" 608
"../../../Engine/Content/EditorMaterials/PreviewShadowIndicator.uexp" 609
"../../../Engine/Content/EditorMaterials/PreviewShadowIndicatorMaterial.uasset" 610
"../../../Engine/Content/EditorMaterials/PreviewShadowIndicatorMaterial.uexp" 611
"../../../Engine/Content/EditorMaterials/PhAT_UnselectedMaterial.uasset" 612
"../../../Engine/Content/EditorMaterials/PhAT_UnselectedMaterial.uexp" 613
"../../../Engine/Content/EditorMaterials/PhAT_NoCollisionMaterial.uasset" 614
"../../../Engine/Content/EditorMaterials/PhAT_NoCollisionMaterial.uexp" 615
"../../../Engine/Content/EditorLandscapeResources/DefaultAlphaTexture.uasset" 616
"../../../Engine/Content/EditorLandscapeResources/DefaultAlphaTexture.uexp" 617
"../../../Engine/Content/EditorLandscapeResources/DataLayer.uasset" 618
"../../../Engine/Content/EditorLandscapeResources/DataLayer.uexp" 619
"../../../Engine/Content/EngineMaterials/DefaultMaterial.uasset" 620
"../../../Engine/Content/EngineMaterials/DefaultMaterial.uexp" 621
"../../../Engine/Content/BasicShapes/Sphere.ubulk" 622
"../../../Engine/Content/BasicShapes/Sphere.uasset" 623
"../../../Engine/Content/BasicShapes/Sphere.uexp" 624
"../../../Engine/Content/BasicShapes/Plane.ubulk" 625
"../../../Engine/Content/BasicShapes/Plane.uasset" 626
"../../../Engine/Content/BasicShapes/Plane.uexp" 627
"../../../Engine/Content/BasicShapes/Cylinder.ubulk" 628
"../../../Engine/Content/BasicShapes/Cylinder.uasset" 629
"../../../Engine/Content/BasicShapes/Cylinder.uexp" 630
"../../../Engine/Content/BasicShapes/Cube.ubulk" 631
"../../../Engine/Content/BasicShapes/Cube.uasset" 632
"../../../Engine/Content/BasicShapes/Cube.uexp" 633
"../../../Engine/Content/BasicShapes/Cone.ubulk" 634
"../../../Engine/Content/BasicShapes/Cone.uasset" 635
"../../../Engine/Content/BasicShapes/Cone.uexp" 636
"../../../Engine/Content/BasicShapes/BasicShapeMaterial.uasset" 637
"../../../Engine/Content/BasicShapes/BasicShapeMaterial.uexp" 638
"../../../Engine/Content/Animation/DefaultVariableFrameStrippingSettings.uasset" 639
"../../../Engine/Content/Animation/DefaultVariableFrameStrippingSettings.uexp" 640
"../../../Engine/Content/Animation/DefaultRecorderBoneCompression.uasset" 641
"../../../Engine/Content/Animation/DefaultRecorderBoneCompression.uexp" 642
"../../../Engine/Plugins/Runtime/MeshModelingToolset/Content/Materials/M_DynamicMeshComponentVtxColor.uasset" 643
"../../../Engine/Plugins/Runtime/MeshModelingToolset/Content/Materials/M_DynamicMeshComponentVtxColor.uexp" 644
"../../../Engine/Plugins/Interchange/Runtime/Content/Pipelines/DefaultTexturePipeline.uasset" 645
"../../../Engine/Plugins/Interchange/Runtime/Content/Pipelines/DefaultTexturePipeline.uexp" 646
"../../../Engine/Plugins/Interchange/Runtime/Content/Pipelines/DefaultSceneLevelPipeline.uasset" 647
"../../../Engine/Plugins/Interchange/Runtime/Content/Pipelines/DefaultSceneLevelPipeline.uexp" 648
"../../../Engine/Plugins/Interchange/Runtime/Content/Pipelines/DefaultSceneAssetsPipeline.uasset" 649
"../../../Engine/Plugins/Interchange/Runtime/Content/Pipelines/DefaultSceneAssetsPipeline.uexp" 650
"../../../Engine/Plugins/Interchange/Runtime/Content/Pipelines/DefaultMaterialXPipeline.uasset" 651
"../../../Engine/Plugins/Interchange/Runtime/Content/Pipelines/DefaultMaterialXPipeline.uexp" 652
"../../../Engine/Plugins/Interchange/Runtime/Content/Pipelines/DefaultMaterialPipeline.uasset" 653
"../../../Engine/Plugins/Interchange/Runtime/Content/Pipelines/DefaultMaterialPipeline.uexp" 654
"../../../Engine/Plugins/Interchange/Runtime/Content/Pipelines/DefaultGLTFSceneAssetsPipeline.uasset" 655
"../../../Engine/Plugins/Interchange/Runtime/Content/Pipelines/DefaultGLTFSceneAssetsPipeline.uexp" 656
"../../../Engine/Plugins/Interchange/Runtime/Content/Pipelines/DefaultGLTFPipeline.uasset" 657
"../../../Engine/Plugins/Interchange/Runtime/Content/Pipelines/DefaultGLTFPipeline.uexp" 658
"../../../Engine/Plugins/Interchange/Runtime/Content/Pipelines/DefaultGLTFAssetsPipeline.uasset" 659
"../../../Engine/Plugins/Interchange/Runtime/Content/Pipelines/DefaultGLTFAssetsPipeline.uexp" 660
"../../../Engine/Plugins/Interchange/Runtime/Content/Pipelines/DefaultAssetsPipeline.uasset" 661
"../../../Engine/Plugins/Interchange/Runtime/Content/Pipelines/DefaultAssetsPipeline.uexp" 662
"../../../Engine/Plugins/Interchange/Runtime/Content/gltf/MaterialFunctions/MF_RotateV2.uasset" 663
"../../../Engine/Plugins/Interchange/Runtime/Content/gltf/MaterialFunctions/MF_RotateV2.uexp" 664
"../../../Engine/Plugins/Interchange/Runtime/Content/gltf/MaterialFunctions/MF_TransformUVs.uasset" 665
"../../../Engine/Plugins/Interchange/Runtime/Content/gltf/MaterialFunctions/MF_TransformUVs.uexp" 666
"../../../Engine/Plugins/Interchange/Runtime/Content/gltf/Textures/T_White_srgb.uasset" 667
"../../../Engine/Plugins/Interchange/Runtime/Content/gltf/Textures/T_White_srgb.uexp" 668
"../../../Engine/Plugins/Interchange/Runtime/Content/gltf/MaterialFunctions/MF_BaseColor.uasset" 669
"../../../Engine/Plugins/Interchange/Runtime/Content/gltf/MaterialFunctions/MF_BaseColor.uexp" 670
"../../../Engine/Plugins/Interchange/Runtime/Content/gltf/MaterialBodies/MF_Unlit_Body.uasset" 671
"../../../Engine/Plugins/Interchange/Runtime/Content/gltf/MaterialBodies/MF_Unlit_Body.uexp" 672
"../../../Engine/Plugins/Interchange/Runtime/Content/gltf/M_Unlit.uasset" 673
"../../../Engine/Plugins/Interchange/Runtime/Content/gltf/M_Unlit.uexp" 674
"../../../Engine/Plugins/Interchange/Runtime/Content/gltf/MaterialInstances/MI_Unlit_Opaque_DS.uasset" 675
"../../../Engine/Plugins/Interchange/Runtime/Content/gltf/MaterialInstances/MI_Unlit_Opaque_DS.uexp" 676
"../../../Engine/Plugins/Interchange/Runtime/Content/gltf/MaterialInstances/MI_Unlit_Opaque.uasset" 677
"../../../Engine/Plugins/Interchange/Runtime/Content/gltf/MaterialInstances/MI_Unlit_Opaque.uexp" 678
"../../../Engine/Plugins/Interchange/Runtime/Content/gltf/MaterialInstances/MI_Unlit_Mask_DS.uasset" 679
"../../../Engine/Plugins/Interchange/Runtime/Content/gltf/MaterialInstances/MI_Unlit_Mask_DS.uexp" 680
"../../../Engine/Plugins/Interchange/Runtime/Content/gltf/MaterialInstances/MI_Unlit_Mask.uasset" 681
"../../../Engine/Plugins/Interchange/Runtime/Content/gltf/MaterialInstances/MI_Unlit_Mask.uexp" 682
"../../../Engine/Plugins/Interchange/Runtime/Content/gltf/MaterialInstances/MI_Unlit_Blend_DS.uasset" 683
"../../../Engine/Plugins/Interchange/Runtime/Content/gltf/MaterialInstances/MI_Unlit_Blend_DS.uexp" 684
"../../../Engine/Plugins/Interchange/Runtime/Content/gltf/MaterialInstances/MI_Unlit_Blend.uasset" 685
"../../../Engine/Plugins/Interchange/Runtime/Content/gltf/MaterialInstances/MI_Unlit_Blend.uexp" 686
"../../../Engine/Plugins/Interchange/Runtime/Content/gltf/MaterialFunctions/MF_Iridescence.uasset" 687
"../../../Engine/Plugins/Interchange/Runtime/Content/gltf/MaterialFunctions/MF_Iridescence.uexp" 688
"../../../Engine/Plugins/Interchange/Runtime/Content/gltf/Textures/T_White_Linear.uasset" 689
"../../../Engine/Plugins/Interchange/Runtime/Content/gltf/Textures/T_White_Linear.uexp" 690
"../../../Engine/Plugins/Interchange/Runtime/Content/gltf/MaterialFunctions/MF_MetallicRoughness.uasset" 691
"../../../Engine/Plugins/Interchange/Runtime/Content/gltf/MaterialFunctions/MF_MetallicRoughness.uexp" 692
"../../../Engine/Plugins/Interchange/Runtime/Content/gltf/MaterialFunctions/MF_Transmission.uasset" 693
"../../../Engine/Plugins/Interchange/Runtime/Content/gltf/MaterialFunctions/MF_Transmission.uexp" 694
"../../../Engine/Plugins/Interchange/Runtime/Content/gltf/MaterialFunctions/MF_Occlusion.uasset" 695
"../../../Engine/Plugins/Interchange/Runtime/Content/gltf/MaterialFunctions/MF_Occlusion.uexp" 696
"../../../Engine/Plugins/Interchange/Runtime/Content/gltf/MaterialFunctions/MF_Specular.uasset" 697
"../../../Engine/Plugins/Interchange/Runtime/Content/gltf/MaterialFunctions/MF_Specular.uexp" 698
"../../../Engine/Plugins/Interchange/Runtime/Content/gltf/MaterialFunctions/MF_IOR.uasset" 699
"../../../Engine/Plugins/Interchange/Runtime/Content/gltf/MaterialFunctions/MF_IOR.uexp" 700
"../../../Engine/Plugins/Interchange/Runtime/Content/gltf/MaterialFunctions/MF_RotateNormals_TS.uasset" 701
"../../../Engine/Plugins/Interchange/Runtime/Content/gltf/MaterialFunctions/MF_RotateNormals_TS.uexp" 702
"../../../Engine/Plugins/Interchange/Runtime/Content/gltf/Textures/T_Generic_N.uasset" 703
"../../../Engine/Plugins/Interchange/Runtime/Content/gltf/Textures/T_Generic_N.uexp" 704
"../../../Engine/Plugins/Interchange/Runtime/Content/gltf/MaterialFunctions/MF_Normals.uasset" 705
"../../../Engine/Plugins/Interchange/Runtime/Content/gltf/MaterialFunctions/MF_Normals.uexp" 706
"../../../Engine/Plugins/Interchange/Runtime/Content/gltf/MaterialBodies/MF_Transmission_Body.uasset" 707
"../../../Engine/Plugins/Interchange/Runtime/Content/gltf/MaterialBodies/MF_Transmission_Body.uexp" 708
"../../../Engine/Plugins/Interchange/Runtime/Content/gltf/M_Transmission.uasset" 709
"../../../Engine/Plugins/Interchange/Runtime/Content/gltf/M_Transmission.uexp" 710
"../../../Engine/Plugins/Interchange/Runtime/Content/gltf/MaterialInstances/MI_Transmission_DS.uasset" 711
"../../../Engine/Plugins/Interchange/Runtime/Content/gltf/MaterialInstances/MI_Transmission_DS.uexp" 712
"../../../Engine/Plugins/Interchange/Runtime/Content/gltf/MaterialInstances/MI_Transmission.uasset" 713
"../../../Engine/Plugins/Interchange/Runtime/Content/gltf/MaterialInstances/MI_Transmission.uexp" 714
"../../../Engine/Plugins/Interchange/Runtime/Content/gltf/MaterialFunctions/MF_DiffuseSpecGloss.uasset" 715
"../../../Engine/Plugins/Interchange/Runtime/Content/gltf/MaterialFunctions/MF_DiffuseSpecGloss.uexp" 716
"../../../Engine/Content/Functions/Engine_MaterialFunctions02/Math/AddComponents.uasset" 717
"../../../Engine/Content/Functions/Engine_MaterialFunctions02/Math/AddComponents.uexp" 718
"../../../Engine/Plugins/Interchange/Runtime/Content/gltf/MaterialFunctions/MF_PerceivedBrightness.uasset" 719
"../../../Engine/Plugins/Interchange/Runtime/Content/gltf/MaterialFunctions/MF_PerceivedBrightness.uexp" 720
"../../../Engine/Plugins/Interchange/Runtime/Content/gltf/MaterialFunctions/MF_Emissive.uasset" 721
"../../../Engine/Plugins/Interchange/Runtime/Content/gltf/MaterialFunctions/MF_Emissive.uexp" 722
"../../../Engine/Plugins/Interchange/Runtime/Content/gltf/MaterialFunctions/MF_SpecGlossToMetalRoughness.uasset" 723
"../../../Engine/Plugins/Interchange/Runtime/Content/gltf/MaterialFunctions/MF_SpecGlossToMetalRoughness.uexp" 724
"../../../Engine/Plugins/Interchange/Runtime/Content/gltf/MaterialBodies/MF_SpecularGlossiness_Body.uasset" 725
"../../../Engine/Plugins/Interchange/Runtime/Content/gltf/MaterialBodies/MF_SpecularGlossiness_Body.uexp" 726
"../../../Engine/Plugins/Interchange/Runtime/Content/gltf/M_SpecularGlossiness.uasset" 727
"../../../Engine/Plugins/Interchange/Runtime/Content/gltf/M_SpecularGlossiness.uexp" 728
"../../../Engine/Plugins/Interchange/Runtime/Content/gltf/MaterialInstances/MI_SpecularGlossiness_Opaque_DS.uasset" 729
"../../../Engine/Plugins/Interchange/Runtime/Content/gltf/MaterialInstances/MI_SpecularGlossiness_Opaque_DS.uexp" 730
"../../../Engine/Plugins/Interchange/Runtime/Content/gltf/MaterialInstances/MI_SpecularGlossiness_Opaque.uasset" 731
"../../../Engine/Plugins/Interchange/Runtime/Content/gltf/MaterialInstances/MI_SpecularGlossiness_Opaque.uexp" 732
"../../../Engine/Plugins/Interchange/Runtime/Content/gltf/MaterialInstances/MI_SpecularGlossiness_Mask_DS.uasset" 733
"../../../Engine/Plugins/Interchange/Runtime/Content/gltf/MaterialInstances/MI_SpecularGlossiness_Mask_DS.uexp" 734
"../../../Engine/Plugins/Interchange/Runtime/Content/gltf/MaterialInstances/MI_SpecularGlossiness_Mask.uasset" 735
"../../../Engine/Plugins/Interchange/Runtime/Content/gltf/MaterialInstances/MI_SpecularGlossiness_Mask.uexp" 736
"../../../Engine/Plugins/Interchange/Runtime/Content/gltf/MaterialInstances/MI_SpecularGlossiness_Blend_DS.uasset" 737
"../../../Engine/Plugins/Interchange/Runtime/Content/gltf/MaterialInstances/MI_SpecularGlossiness_Blend_DS.uexp" 738
"../../../Engine/Plugins/Interchange/Runtime/Content/gltf/MaterialInstances/MI_SpecularGlossiness_Blend.uasset" 739
"../../../Engine/Plugins/Interchange/Runtime/Content/gltf/MaterialInstances/MI_SpecularGlossiness_Blend.uexp" 740
"../../../Engine/Plugins/Interchange/Runtime/Content/gltf/MaterialFunctions/MF_Sheen.uasset" 741
"../../../Engine/Plugins/Interchange/Runtime/Content/gltf/MaterialFunctions/MF_Sheen.uexp" 742
"../../../Engine/Plugins/Interchange/Runtime/Content/gltf/MaterialBodies/MF_Sheen_Body.uasset" 743
"../../../Engine/Plugins/Interchange/Runtime/Content/gltf/MaterialBodies/MF_Sheen_Body.uexp" 744
"../../../Engine/Plugins/Interchange/Runtime/Content/gltf/M_Sheen.uasset" 745
"../../../Engine/Plugins/Interchange/Runtime/Content/gltf/M_Sheen.uexp" 746
"../../../Engine/Plugins/Interchange/Runtime/Content/gltf/MaterialInstances/MI_Sheen_Opaque_DS.uasset" 747
"../../../Engine/Plugins/Interchange/Runtime/Content/gltf/MaterialInstances/MI_Sheen_Opaque_DS.uexp" 748
"../../../Engine/Plugins/Interchange/Runtime/Content/gltf/MaterialInstances/MI_Sheen_Opaque.uasset" 749
"../../../Engine/Plugins/Interchange/Runtime/Content/gltf/MaterialInstances/MI_Sheen_Opaque.uexp" 750
"../../../Engine/Plugins/Interchange/Runtime/Content/gltf/MaterialInstances/MI_Sheen_Mask_DS.uasset" 751
"../../../Engine/Plugins/Interchange/Runtime/Content/gltf/MaterialInstances/MI_Sheen_Mask_DS.uexp" 752
"../../../Engine/Plugins/Interchange/Runtime/Content/gltf/MaterialInstances/MI_Sheen_Mask.uasset" 753
"../../../Engine/Plugins/Interchange/Runtime/Content/gltf/MaterialInstances/MI_Sheen_Mask.uexp" 754
"../../../Engine/Plugins/Interchange/Runtime/Content/gltf/MaterialInstances/MI_Sheen_Blend_DS.uasset" 755
"../../../Engine/Plugins/Interchange/Runtime/Content/gltf/MaterialInstances/MI_Sheen_Blend_DS.uexp" 756
"../../../Engine/Plugins/Interchange/Runtime/Content/gltf/MaterialInstances/MI_Sheen_Blend.uasset" 757
"../../../Engine/Plugins/Interchange/Runtime/Content/gltf/MaterialInstances/MI_Sheen_Blend.uexp" 758
"../../../Engine/Plugins/Interchange/Runtime/Content/gltf/MaterialBodies/MF_Default_Body.uasset" 759
"../../../Engine/Plugins/Interchange/Runtime/Content/gltf/MaterialBodies/MF_Default_Body.uexp" 760
"../../../Engine/Plugins/Interchange/Runtime/Content/gltf/M_Default.uasset" 761
"../../../Engine/Plugins/Interchange/Runtime/Content/gltf/M_Default.uexp" 762
"../../../Engine/Plugins/Interchange/Runtime/Content/gltf/MaterialInstances/MI_Default_Opaque_DS.uasset" 763
"../../../Engine/Plugins/Interchange/Runtime/Content/gltf/MaterialInstances/MI_Default_Opaque_DS.uexp" 764
"../../../Engine/Plugins/Interchange/Runtime/Content/gltf/MaterialInstances/MI_Default_Opaque.uasset" 765
"../../../Engine/Plugins/Interchange/Runtime/Content/gltf/MaterialInstances/MI_Default_Opaque.uexp" 766
"../../../Engine/Plugins/Interchange/Runtime/Content/gltf/MaterialInstances/MI_Default_Mask_DS.uasset" 767
"../../../Engine/Plugins/Interchange/Runtime/Content/gltf/MaterialInstances/MI_Default_Mask_DS.uexp" 768
"../../../Engine/Plugins/Interchange/Runtime/Content/gltf/MaterialInstances/MI_Default_Mask.uasset" 769
"../../../Engine/Plugins/Interchange/Runtime/Content/gltf/MaterialInstances/MI_Default_Mask.uexp" 770
"../../../Engine/Plugins/Interchange/Runtime/Content/gltf/MaterialInstances/MI_Default_Blend_DS.uasset" 771
"../../../Engine/Plugins/Interchange/Runtime/Content/gltf/MaterialInstances/MI_Default_Blend_DS.uexp" 772
"../../../Engine/Plugins/Interchange/Runtime/Content/gltf/MaterialInstances/MI_Default_Blend.uasset" 773
"../../../Engine/Plugins/Interchange/Runtime/Content/gltf/MaterialInstances/MI_Default_Blend.uexp" 774
"../../../Engine/Content/Functions/Engine_MaterialFunctions01/Texturing/FlattenNormal.uasset" 775
"../../../Engine/Content/Functions/Engine_MaterialFunctions01/Texturing/FlattenNormal.uexp" 776
"../../../Engine/Plugins/Interchange/Runtime/Content/gltf/MaterialFunctions/MF_Clearcoat.uasset" 777
"../../../Engine/Plugins/Interchange/Runtime/Content/gltf/MaterialFunctions/MF_Clearcoat.uexp" 778
"../../../Engine/Plugins/Interchange/Runtime/Content/gltf/MaterialBodies/MF_ClearCoat_Body.uasset" 779
"../../../Engine/Plugins/Interchange/Runtime/Content/gltf/MaterialBodies/MF_ClearCoat_Body.uexp" 780
"../../../Engine/Plugins/Interchange/Runtime/Content/gltf/M_ClearCoat.uasset" 781
"../../../Engine/Plugins/Interchange/Runtime/Content/gltf/M_ClearCoat.uexp" 782
"../../../Engine/Plugins/Interchange/Runtime/Content/gltf/MaterialInstances/MI_ClearCoat_Opaque_DS.uasset" 783
"../../../Engine/Plugins/Interchange/Runtime/Content/gltf/MaterialInstances/MI_ClearCoat_Opaque_DS.uexp" 784
"../../../Engine/Plugins/Interchange/Runtime/Content/gltf/MaterialInstances/MI_ClearCoat_Opaque.uasset" 785
"../../../Engine/Plugins/Interchange/Runtime/Content/gltf/MaterialInstances/MI_ClearCoat_Opaque.uexp" 786
"../../../Engine/Plugins/Interchange/Runtime/Content/gltf/MaterialInstances/MI_ClearCoat_Mask_DS.uasset" 787
"../../../Engine/Plugins/Interchange/Runtime/Content/gltf/MaterialInstances/MI_ClearCoat_Mask_DS.uexp" 788
"../../../Engine/Plugins/Interchange/Runtime/Content/gltf/MaterialInstances/MI_ClearCoat_Mask.uasset" 789
"../../../Engine/Plugins/Interchange/Runtime/Content/gltf/MaterialInstances/MI_ClearCoat_Mask.uexp" 790
"../../../Engine/Plugins/Interchange/Runtime/Content/gltf/MaterialInstances/MI_ClearCoat_Blend_DS.uasset" 791
"../../../Engine/Plugins/Interchange/Runtime/Content/gltf/MaterialInstances/MI_ClearCoat_Blend_DS.uexp" 792
"../../../Engine/Plugins/Interchange/Runtime/Content/gltf/MaterialInstances/MI_ClearCoat_Blend.uasset" 793
"../../../Engine/Plugins/Interchange/Runtime/Content/gltf/MaterialInstances/MI_ClearCoat_Blend.uexp" 794
"../../../Engine/Content/MobileResources/HUD/VirtualJoystick_Background.uasset" 795
"../../../Engine/Content/MobileResources/HUD/VirtualJoystick_Background.uexp" 796
"../../../Engine/Content/MobileResources/HUD/VirtualJoystick_Thumb.uasset" 797
"../../../Engine/Content/MobileResources/HUD/VirtualJoystick_Thumb.uexp" 798
"../../../Engine/Content/MobileResources/HUD/DefaultVirtualJoysticks.uasset" 799
"../../../Engine/Content/MobileResources/HUD/DefaultVirtualJoysticks.uexp" 800
"../../../Engine/Content/EngineSky/VolumetricClouds/CloudWeatherTexture.uasset" 801
"../../../Engine/Content/EngineSky/VolumetricClouds/CloudWeatherTexture.uexp" 802
"../../../Engine/Content/Functions/Engine_MaterialFunctions02/Utility/MakeFloat2.uasset" 803
"../../../Engine/Content/Functions/Engine_MaterialFunctions02/Utility/MakeFloat2.uexp" 804
"../../../Engine/Content/EngineSky/VolumetricClouds/CloudGradientTexture.uasset" 805
"../../../Engine/Content/EngineSky/VolumetricClouds/CloudGradientTexture.uexp" 806
"../../../Engine/Content/EngineSky/VolumetricClouds/T_NoiseShape64.ubulk" 807
"../../../Engine/Content/EngineSky/VolumetricClouds/T_NoiseShape64.uasset" 808
"../../../Engine/Content/EngineSky/VolumetricClouds/T_NoiseShape64.uexp" 809
"../../../Engine/Content/EngineSky/VolumetricClouds/T_VolumeNoiseShape64.uasset" 810
"../../../Engine/Content/EngineSky/VolumetricClouds/T_VolumeNoiseShape64.uexp" 811
"../../../Engine/Content/EngineSky/VolumetricClouds/T_NoiseErosion.ubulk" 812
"../../../Engine/Content/EngineSky/VolumetricClouds/T_NoiseErosion.uasset" 813
"../../../Engine/Content/EngineSky/VolumetricClouds/T_NoiseErosion.uexp" 814
"../../../Engine/Content/EngineSky/VolumetricClouds/T_VolumeNoiseErosion32.uasset" 815
"../../../Engine/Content/EngineSky/VolumetricClouds/T_VolumeNoiseErosion32.uexp" 816
"../../../Engine/Content/EngineSky/VolumetricClouds/m_SimpleVolumetricCloud.uasset" 817
"../../../Engine/Content/EngineSky/VolumetricClouds/m_SimpleVolumetricCloud.uexp" 818
"../../../Engine/Content/EngineSky/VolumetricClouds/m_SimpleVolumetricCloud_Inst.uasset" 819
"../../../Engine/Content/EngineSky/VolumetricClouds/m_SimpleVolumetricCloud_Inst.uexp" 820
"../../../Engine/Content/EngineResources/FilmGrains/Marcie_Grain_v3_128_M2_000.uasset" 821
"../../../Engine/Content/EngineResources/FilmGrains/Marcie_Grain_v3_128_M2_000.uexp" 822
"../../../Engine/Content/EditorResources/SequenceRecorder/RecordingIndicator.uasset" 823
"../../../Engine/Content/EditorResources/SequenceRecorder/RecordingIndicator.uexp" 824
"../../../Engine/Content/EditorResources/SequenceRecorder/Countdown.uasset" 825
"../../../Engine/Content/EditorResources/SequenceRecorder/Countdown.uexp" 826
"../../../Engine/Content/EditorMaterials/Dataflow/DataflowVertexMaterial.uasset" 827
"../../../Engine/Content/EditorMaterials/Dataflow/DataflowVertexMaterial.uexp" 828
"../../../Engine/Content/Functions/Engine_MaterialFunctions01/Shading/PowerToRoughness.uasset" 829
"../../../Engine/Content/Functions/Engine_MaterialFunctions01/Shading/PowerToRoughness.uexp" 830
"../../../Engine/Content/Functions/Engine_MaterialFunctions01/Shading/ConvertFromDiffSpec.uasset" 831
"../../../Engine/Content/Functions/Engine_MaterialFunctions01/Shading/ConvertFromDiffSpec.uexp" 832
"../../../Engine/Content/EngineMaterials/Substrate/Volume/SubstrateSimpleVolumeLUT3D.uasset" 833
"../../../Engine/Content/EngineMaterials/Substrate/Volume/SubstrateSimpleVolumeLUT3D.uexp" 834
"../../../Engine/Content/EngineMaterials/Substrate/Volume/SubstrateSimpleVolumeEnvLUT3D.uasset" 835
"../../../Engine/Content/EngineMaterials/Substrate/Volume/SubstrateSimpleVolumeEnvLUT3D.uexp" 836
"../../../Engine/Content/EngineMaterials/Substrate/GLints2/AGlintTex2dArray2.uasset" 837
"../../../Engine/Content/EngineMaterials/Substrate/GLints2/AGlintTex2dArray2.uexp" 838
"../../../Engine/Content/EngineMaterials/Substrate/GLints/AGlintTex2dArray.uasset" 839
"../../../Engine/Content/EngineMaterials/Substrate/GLints/AGlintTex2dArray.uexp" 840
"../../../Engine/Content/Maps/Entry_BuiltData.uasset" 841
"../../../Engine/Content/Maps/Entry_BuiltData.uexp" 842
"../../../Engine/Content/Maps/Entry.uexp" 843
"../../../Engine/Content/Maps/Entry.umap" 844
"G:/Unreal/Projects/MashRunner/Content/Sounds/S_Clap.ubulk" 845
"G:/Unreal/Projects/MashRunner/Content/Sounds/S_Clap.uasset" 846
"G:/Unreal/Projects/MashRunner/Content/Sounds/S_Clap.uexp" 847
"G:/Unreal/Projects/MashRunner/Content/Sounds/S_Start_Shot.ubulk" 848
"G:/Unreal/Projects/MashRunner/Content/Sounds/S_Start_Shot.uasset" 849
"G:/Unreal/Projects/MashRunner/Content/Sounds/S_Start_Shot.uexp" 850
"G:/Unreal/Projects/MashRunner/Content/Blueprints/GM_Runner.uasset" 851
"G:/Unreal/Projects/MashRunner/Content/Blueprints/GM_Runner.uexp" 852
"G:/Unreal/Projects/MashRunner/Content/Input/Action/IA_PowerRight.uasset" 853
"G:/Unreal/Projects/MashRunner/Content/Input/Action/IA_PowerRight.uexp" 854
"G:/Unreal/Projects/MashRunner/Content/Input/Action/IA_PowerLeft.uasset" 855
"G:/Unreal/Projects/MashRunner/Content/Input/Action/IA_PowerLeft.uexp" 856
"G:/Unreal/Projects/MashRunner/Content/Input/IMC_Runner.uasset" 857
"G:/Unreal/Projects/MashRunner/Content/Input/IMC_Runner.uexp" 858
"G:/Unreal/Projects/MashRunner/Content/Blueprints/Enums/E_Input.uasset" 859
"G:/Unreal/Projects/MashRunner/Content/Blueprints/Enums/E_Input.uexp" 860
"G:/Unreal/Projects/MashRunner/Content/Curves/C_SpeedDecreaseRamp.uasset" 861
"G:/Unreal/Projects/MashRunner/Content/Curves/C_SpeedDecreaseRamp.uexp" 862
"G:/Unreal/Projects/MashRunner/Content/PaperAssets/Runner/T_Runner.uasset" 863
"G:/Unreal/Projects/MashRunner/Content/PaperAssets/Runner/T_Runner.uexp" 864
"G:/Unreal/Projects/MashRunner/Content/PaperAssets/Runner/T_Runner_Sprite_2.uasset" 865
"G:/Unreal/Projects/MashRunner/Content/PaperAssets/Runner/T_Runner_Sprite_2.uexp" 866
"G:/Unreal/Projects/MashRunner/Content/PaperAssets/Runner/T_Runner_Sprite_3.uasset" 867
"G:/Unreal/Projects/MashRunner/Content/PaperAssets/Runner/T_Runner_Sprite_3.uexp" 868
"G:/Unreal/Projects/MashRunner/Content/PaperAssets/Runner/T_Runner_Sprite_4.uasset" 869
"G:/Unreal/Projects/MashRunner/Content/PaperAssets/Runner/T_Runner_Sprite_4.uexp" 870
"G:/Unreal/Projects/MashRunner/Content/PaperAssets/Runner/T_Runner_Sprite_5.uasset" 871
"G:/Unreal/Projects/MashRunner/Content/PaperAssets/Runner/T_Runner_Sprite_5.uexp" 872
"G:/Unreal/Projects/MashRunner/Content/PaperAssets/Runner/T_Runner_Sprite_6.uasset" 873
"G:/Unreal/Projects/MashRunner/Content/PaperAssets/Runner/T_Runner_Sprite_6.uexp" 874
"G:/Unreal/Projects/MashRunner/Content/PaperAssets/Runner/T_Runner_Sprite_7.uasset" 875
"G:/Unreal/Projects/MashRunner/Content/PaperAssets/Runner/T_Runner_Sprite_7.uexp" 876
"G:/Unreal/Projects/MashRunner/Content/PaperAssets/Runner/T_Runner_Sprite_8.uasset" 877
"G:/Unreal/Projects/MashRunner/Content/PaperAssets/Runner/T_Runner_Sprite_8.uexp" 878
"G:/Unreal/Projects/MashRunner/Content/PaperAssets/Runner/T_Runner_Sprite_9.uasset" 879
"G:/Unreal/Projects/MashRunner/Content/PaperAssets/Runner/T_Runner_Sprite_9.uexp" 880
"G:/Unreal/Projects/MashRunner/Content/PaperAssets/Runner/FB_Runner_Run.uasset" 881
"G:/Unreal/Projects/MashRunner/Content/PaperAssets/Runner/FB_Runner_Run.uexp" 882
"G:/Unreal/Projects/MashRunner/Content/PaperAssets/Runner/T_Runner_Sprite_0.uasset" 883
"G:/Unreal/Projects/MashRunner/Content/PaperAssets/Runner/T_Runner_Sprite_0.uexp" 884
"G:/Unreal/Projects/MashRunner/Content/PaperAssets/Runner/T_Runner_Sprite_1.uasset" 885
"G:/Unreal/Projects/MashRunner/Content/PaperAssets/Runner/T_Runner_Sprite_1.uexp" 886
"G:/Unreal/Projects/MashRunner/Content/PaperAssets/Runner/FB_Runner_Idle.uasset" 887
"G:/Unreal/Projects/MashRunner/Content/PaperAssets/Runner/FB_Runner_Idle.uexp" 888
"G:/Unreal/Projects/MashRunner/Content/Sounds/S_Step_1.ubulk" 889
"G:/Unreal/Projects/MashRunner/Content/Sounds/S_Step_1.uasset" 890
"G:/Unreal/Projects/MashRunner/Content/Sounds/S_Step_1.uexp" 891
"G:/Unreal/Projects/MashRunner/Content/Sounds/S_Step_2.ubulk" 892
"G:/Unreal/Projects/MashRunner/Content/Sounds/S_Step_2.uasset" 893
"G:/Unreal/Projects/MashRunner/Content/Sounds/S_Step_2.uexp" 894
"G:/Unreal/Projects/MashRunner/Content/Sounds/Cue_Footstep.uasset" 895
"G:/Unreal/Projects/MashRunner/Content/Sounds/Cue_Footstep.uexp" 896
"G:/Unreal/Projects/MashRunner/Content/Curves/C_SpeedIncreaseRamp.uasset" 897
"G:/Unreal/Projects/MashRunner/Content/Curves/C_SpeedIncreaseRamp.uexp" 898
"G:/Unreal/Projects/MashRunner/Content/Blueprints/AI/AIC_Runner.uasset" 899
"G:/Unreal/Projects/MashRunner/Content/Blueprints/AI/AIC_Runner.uexp" 900
"G:/Unreal/Projects/MashRunner/Content/Blueprints/BP_Runner.uasset" 901
"G:/Unreal/Projects/MashRunner/Content/Blueprints/BP_Runner.uexp" 902
"G:/Unreal/Projects/MashRunner/Content/PaperAssets/Goal/T_Goal_Connected.uasset" 903
"G:/Unreal/Projects/MashRunner/Content/PaperAssets/Goal/T_Goal_Connected.uexp" 904
"G:/Unreal/Projects/MashRunner/Content/PaperAssets/Goal/T_Goal_Connected_Sprite.uasset" 905
"G:/Unreal/Projects/MashRunner/Content/PaperAssets/Goal/T_Goal_Connected_Sprite.uexp" 906
"G:/Unreal/Projects/MashRunner/Content/PaperAssets/Goal/T_Goal_Ripped.uasset" 907
"G:/Unreal/Projects/MashRunner/Content/PaperAssets/Goal/T_Goal_Ripped.uexp" 908
"G:/Unreal/Projects/MashRunner/Content/PaperAssets/Goal/T_Goal_Ripped_Sprite.uasset" 909
"G:/Unreal/Projects/MashRunner/Content/PaperAssets/Goal/T_Goal_Ripped_Sprite.uexp" 910
"G:/Unreal/Projects/MashRunner/Content/Blueprints/BP_Goal.uasset" 911
"G:/Unreal/Projects/MashRunner/Content/Blueprints/BP_Goal.uexp" 912
"G:/Unreal/Projects/MashRunner/Content/PaperAssets/Background/T_Field.uasset" 913
"G:/Unreal/Projects/MashRunner/Content/PaperAssets/Background/T_Field.uexp" 914
"G:/Unreal/Projects/MashRunner/Content/PaperAssets/Background/T_Field_Sprite.uasset" 915
"G:/Unreal/Projects/MashRunner/Content/PaperAssets/Background/T_Field_Sprite.uexp" 916
"G:/Unreal/Projects/MashRunner/Content/Blueprints/BP_Field.uasset" 917
"G:/Unreal/Projects/MashRunner/Content/Blueprints/BP_Field.uexp" 918
"G:/Unreal/Projects/MashRunner/Content/Maps/MAP_Field.uexp" 919
"G:/Unreal/Projects/MashRunner/Content/Maps/MAP_Field.umap" 920
"../../../Engine/Content/EngineMaterials/BlendFunc_DefBlend.uasset" 921
"../../../Engine/Content/EngineMaterials/BlendFunc_DefBlend.uexp" 922
"../../../Engine/Content/OpenWorldTemplate/LandscapeMaterial/T_GridChecker_A.ubulk" 923
"../../../Engine/Content/OpenWorldTemplate/LandscapeMaterial/T_GridChecker_A.uasset" 924
"../../../Engine/Content/OpenWorldTemplate/LandscapeMaterial/T_GridChecker_A.uexp" 925
"../../../Engine/Content/EngineMaterials/BlendFunc_DefBase.uasset" 926
"../../../Engine/Content/EngineMaterials/BlendFunc_DefBase.uexp" 927
"../../../Engine/Content/Functions/Engine_MaterialFunctions03/Blends/Blend_Overlay.uasset" 928
"../../../Engine/Content/Functions/Engine_MaterialFunctions03/Blends/Blend_Overlay.uexp" 929
"../../../Engine/Content/Functions/Engine_MaterialFunctions01/Gradient/LinearGradient.uasset" 930
"../../../Engine/Content/Functions/Engine_MaterialFunctions01/Gradient/LinearGradient.uexp" 931
"../../../Engine/Content/Functions/Engine_MaterialFunctions01/ImageAdjustment/CheapContrast.uasset" 932
"../../../Engine/Content/Functions/Engine_MaterialFunctions01/ImageAdjustment/CheapContrast.uexp" 933
"../../../Engine/Content/OpenWorldTemplate/LandscapeMaterial/MF_ProcGrid.uasset" 934
"../../../Engine/Content/OpenWorldTemplate/LandscapeMaterial/MF_ProcGrid.uexp" 935
"../../../Engine/Content/OpenWorldTemplate/LandscapeMaterial/M_ProcGrid.uasset" 936
"../../../Engine/Content/OpenWorldTemplate/LandscapeMaterial/M_ProcGrid.uexp" 937
"../../../Engine/Content/OpenWorldTemplate/LandscapeMaterial/MI_ProcGrid.uasset" 938
"../../../Engine/Content/OpenWorldTemplate/LandscapeMaterial/MI_ProcGrid.uexp" 939
"../../../Engine/Content/EngineSky/T_Sky_Stars.ubulk" 940
"../../../Engine/Content/EngineSky/T_Sky_Stars.uasset" 941
"../../../Engine/Content/EngineSky/T_Sky_Stars.uexp" 942
"../../../Engine/Content/EngineSky/T_Sky_Clouds_M.ubulk" 943
"../../../Engine/Content/EngineSky/T_Sky_Clouds_M.uasset" 944
"../../../Engine/Content/EngineSky/T_Sky_Clouds_M.uexp" 945
"../../../Engine/Content/EngineSky/T_Sky_Blue.ubulk" 946
"../../../Engine/Content/EngineSky/T_Sky_Blue.uasset" 947
"../../../Engine/Content/EngineSky/T_Sky_Blue.uexp" 948
"../../../Engine/Content/EngineSky/M_Sky_Panning_Clouds2.uasset" 949
"../../../Engine/Content/EngineSky/M_Sky_Panning_Clouds2.uexp" 950
"../../../Engine/Content/EngineSky/SM_SkySphere.ubulk" 951
"../../../Engine/Content/EngineSky/SM_SkySphere.uasset" 952
"../../../Engine/Content/EngineSky/SM_SkySphere.uexp" 953
"../../../Engine/Content/MapTemplates/SM_Template_Map_Floor.ubulk" 954
"../../../Engine/Content/MapTemplates/SM_Template_Map_Floor.uasset" 955
"../../../Engine/Content/MapTemplates/SM_Template_Map_Floor.uexp" 956
"../../../Engine/Content/EngineSky/M_SimpleSkyDome.uasset" 957
"../../../Engine/Content/EngineSky/M_SimpleSkyDome.uexp" 958
"G:/Unreal/Projects/MashRunner/Content/Maps/MAP_Debug.uexp" 959
"G:/Unreal/Projects/MashRunner/Content/Maps/MAP_Debug.umap" 960
